<?xml version="1.0" encoding="UTF-8"?>
<coverage generated="1777600573941" clover="3.2.0">
  <project timestamp="1777600573941" name="All files">
    <metrics statements="367" coveredstatements="361" conditionals="332" coveredconditionals="320" methods="99" coveredmethods="97" elements="798" coveredelements="778" complexity="0" loc="367" ncloc="367" packages="3" files="12" classes="12"/>
    <package name="components.common">
      <metrics statements="119" coveredstatements="119" conditionals="176" coveredconditionals="173" methods="30" coveredmethods="30"/>
      <file name="MonsterDefenses.jsx" path="/Users/paulgilchrist/Source/dnd-tools/src/components/common/MonsterDefenses.jsx">
        <metrics statements="35" coveredstatements="35" conditionals="80" coveredconditionals="78" methods="9" coveredmethods="9"/>
        <line num="9" count="47" type="cond" truecount="2" falsecount="0"/>
        <line num="10" count="1" type="stmt"/>
        <line num="13" count="46" type="stmt"/>
        <line num="14" count="39" type="cond" truecount="3" falsecount="1"/>
        <line num="15" count="39" type="stmt"/>
        <line num="16" count="39" type="stmt"/>
        <line num="24" count="39" type="stmt"/>
        <line num="25" count="81" type="cond" truecount="2" falsecount="0"/>
        <line num="26" count="81" type="stmt"/>
        <line num="30" count="46" type="stmt"/>
        <line num="31" count="39" type="cond" truecount="3" falsecount="1"/>
        <line num="32" count="39" type="stmt"/>
        <line num="33" count="39" type="stmt"/>
        <line num="50" count="39" type="stmt"/>
        <line num="51" count="77" type="cond" truecount="2" falsecount="0"/>
        <line num="52" count="77" type="stmt"/>
        <line num="56" count="46" type="stmt"/>
        <line num="57" count="46" type="cond" truecount="4" falsecount="0"/>
        <line num="58" count="44" type="stmt"/>
        <line num="59" count="44" type="cond" truecount="2" falsecount="0"/>
        <line num="60" count="2" type="stmt"/>
        <line num="62" count="44" type="cond" truecount="2" falsecount="0"/>
        <line num="63" count="41" type="stmt"/>
        <line num="65" count="44" type="cond" truecount="2" falsecount="0"/>
        <line num="66" count="2" type="stmt"/>
        <line num="68" count="44" type="cond" truecount="2" falsecount="0"/>
        <line num="69" count="2" type="stmt"/>
        <line num="71" count="44" type="cond" truecount="2" falsecount="0"/>
        <line num="72" count="41" type="stmt"/>
        <line num="74" count="44" type="stmt"/>
        <line num="77" count="46" type="stmt"/>
        <line num="78" count="46" type="cond" truecount="2" falsecount="0"/>
        <line num="81" count="46" type="stmt"/>
        <line num="82" count="46" type="cond" truecount="2" falsecount="0"/>
        <line num="85" count="46" type="stmt"/>
      </file>
      <file name="MonsterStats.jsx" path="/Users/paulgilchrist/Source/dnd-tools/src/components/common/MonsterStats.jsx">
        <metrics statements="3" coveredstatements="3" conditionals="23" coveredconditionals="23" methods="1" coveredmethods="1"/>
        <line num="8" count="14" type="cond" truecount="2" falsecount="0"/>
        <line num="9" count="1" type="stmt"/>
        <line num="12" count="13" type="stmt"/>
      </file>
      <file name="SpellCard.jsx" path="/Users/paulgilchrist/Source/dnd-tools/src/components/common/SpellCard.jsx">
        <metrics statements="81" coveredstatements="81" conditionals="73" coveredconditionals="72" methods="20" coveredmethods="20"/>
        <line num="14" count="55" type="stmt"/>
        <line num="17" count="55" type="stmt"/>
        <line num="18" count="48" type="cond" truecount="2" falsecount="0"/>
        <line num="19" count="1" type="stmt"/>
        <line num="23" count="55" type="stmt"/>
        <line num="24" count="35" type="cond" truecount="4" falsecount="0"/>
        <line num="25" count="1" type="stmt"/>
        <line num="27" count="34" type="stmt"/>
        <line num="28" count="34" type="stmt"/>
        <line num="29" count="35" type="stmt"/>
        <line num="31" count="34" type="stmt"/>
        <line num="34" count="55" type="stmt"/>
        <line num="35" count="54" type="cond" truecount="5" falsecount="0"/>
        <line num="37" count="1" type="stmt"/>
        <line num="39" count="1" type="stmt"/>
        <line num="41" count="1" type="stmt"/>
        <line num="43" count="50" type="stmt"/>
        <line num="45" count="1" type="stmt"/>
        <line num="49" count="55" type="stmt"/>
        <line num="50" count="6" type="stmt"/>
        <line num="51" count="6" type="stmt"/>
        <line num="54" count="55" type="stmt"/>
        <line num="55" count="3" type="stmt"/>
        <line num="58" count="3" type="cond" truecount="4" falsecount="0"/>
        <line num="59" count="1" type="stmt"/>
        <line num="60" count="1" type="stmt"/>
        <line num="63" count="3" type="stmt"/>
        <line num="66" count="55" type="stmt"/>
        <line num="67" count="2" type="stmt"/>
        <line num="68" count="2" type="stmt"/>
        <line num="71" count="55" type="cond" truecount="2" falsecount="0"/>
        <line num="72" count="1" type="stmt"/>
        <line num="75" count="54" type="stmt"/>
        <line num="76" count="35" type="cond" truecount="4" falsecount="0"/>
        <line num="77" count="2" type="stmt"/>
        <line num="80" count="33" type="stmt"/>
        <line num="81" count="33" type="stmt"/>
        <line num="87" count="54" type="stmt"/>
        <line num="88" count="35" type="cond" truecount="2" falsecount="0"/>
        <line num="89" count="1" type="stmt"/>
        <line num="93" count="34" type="cond" truecount="2" falsecount="0"/>
        <line num="94" count="32" type="stmt"/>
        <line num="98" count="2" type="cond" truecount="4" falsecount="0"/>
        <line num="99" count="1" type="stmt"/>
        <line num="105" count="1" type="stmt"/>
        <line num="106" count="3" type="stmt"/>
        <line num="112" count="1" type="stmt"/>
        <line num="115" count="54" type="stmt"/>
        <line num="116" count="35" type="cond" truecount="2" falsecount="0"/>
        <line num="117" count="33" type="stmt"/>
        <line num="120" count="2" type="stmt"/>
        <line num="121" count="2" type="cond" truecount="2" falsecount="0"/>
        <line num="123" count="2" type="stmt"/>
        <line num="127" count="35" type="stmt"/>
        <line num="137" count="54" type="stmt"/>
        <line num="138" count="35" type="cond" truecount="2" falsecount="0"/>
        <line num="139" count="1" type="stmt"/>
        <line num="142" count="34" type="stmt"/>
        <line num="149" count="54" type="stmt"/>
        <line num="150" count="35" type="cond" truecount="2" falsecount="0"/>
        <line num="151" count="34" type="stmt"/>
        <line num="154" count="1" type="stmt"/>
        <line num="155" count="1" type="stmt"/>
        <line num="162" count="54" type="stmt"/>
        <line num="163" count="35" type="cond" truecount="4" falsecount="0"/>
        <line num="164" count="34" type="stmt"/>
        <line num="167" count="1" type="stmt"/>
        <line num="174" count="54" type="stmt"/>
        <line num="175" count="35" type="cond" truecount="4" falsecount="0"/>
        <line num="176" count="34" type="stmt"/>
        <line num="179" count="1" type="stmt"/>
        <line num="186" count="54" type="stmt"/>
        <line num="187" count="35" type="cond" truecount="2" falsecount="0"/>
        <line num="188" count="1" type="stmt"/>
        <line num="192" count="34" type="cond" truecount="2" falsecount="0"/>
        <line num="193" count="32" type="stmt"/>
        <line num="201" count="2" type="cond" truecount="4" falsecount="0"/>
        <line num="202" count="1" type="stmt"/>
        <line num="206" count="2" type="stmt"/>
        <line num="212" count="1" type="stmt"/>
        <line num="215" count="54" type="stmt"/>
      </file>
    </package>
    <package name="hooks">
      <metrics statements="212" coveredstatements="206" conditionals="146" coveredconditionals="137" methods="61" coveredmethods="59"/>
      <file name="useMonster2024Filter.js" path="/Users/paulgilchrist/Source/dnd-tools/src/hooks/useMonster2024Filter.js">
        <metrics statements="12" coveredstatements="11" conditionals="2" coveredconditionals="2" methods="5" coveredmethods="5"/>
        <line num="5" count="8" type="stmt"/>
        <line num="7" count="5" type="stmt"/>
        <line num="8" count="5" type="cond" truecount="2" falsecount="0"/>
        <line num="9" count="1" type="stmt"/>
        <line num="10" count="1" type="stmt"/>
        <line num="12" count="0" type="stmt"/>
        <line num="17" count="4" type="stmt"/>
        <line num="31" count="8" type="stmt"/>
        <line num="32" count="8" type="stmt"/>
        <line num="35" count="8" type="stmt"/>
        <line num="36" count="4" type="stmt"/>
        <line num="42" count="8" type="stmt"/>
      </file>
      <file name="useMonsterBookmarks.js" path="/Users/paulgilchrist/Source/dnd-tools/src/hooks/useMonsterBookmarks.js">
        <metrics statements="20" coveredstatements="19" conditionals="11" coveredconditionals="11" methods="9" coveredmethods="8"/>
        <line num="5" count="14" type="stmt"/>
        <line num="8" count="14" type="stmt"/>
        <line num="9" count="8" type="stmt"/>
        <line num="10" count="8" type="cond" truecount="2" falsecount="0"/>
        <line num="11" count="3" type="stmt"/>
        <line num="16" count="14" type="stmt"/>
        <line num="17" count="3" type="cond" truecount="4" falsecount="0"/>
        <line num="19" count="2" type="stmt"/>
        <line num="24" count="1" type="stmt"/>
        <line num="27" count="14" type="stmt"/>
        <line num="29" count="4" type="stmt"/>
        <line num="30" count="4" type="cond" truecount="2" falsecount="0"/>
        <line num="31" count="3" type="stmt"/>
        <line num="33" count="2" type="stmt"/>
        <line num="38" count="4" type="cond" truecount="2" falsecount="0"/>
        <line num="40" count="2" type="stmt"/>
        <line num="42" count="4" type="stmt"/>
        <line num="45" count="14" type="stmt"/>
        <line num="46" count="0" type="stmt"/>
        <line num="49" count="14" type="stmt"/>
      </file>
      <file name="useMonsterFilter.js" path="/Users/paulgilchrist/Source/dnd-tools/src/hooks/useMonsterFilter.js">
        <metrics statements="28" coveredstatements="27" conditionals="32" coveredconditionals="32" methods="6" coveredmethods="6"/>
        <line num="5" count="24" type="stmt"/>
        <line num="7" count="14" type="stmt"/>
        <line num="8" count="14" type="cond" truecount="2" falsecount="0"/>
        <line num="9" count="1" type="stmt"/>
        <line num="10" count="1" type="stmt"/>
        <line num="12" count="0" type="stmt"/>
        <line num="17" count="13" type="stmt"/>
        <line num="32" count="24" type="stmt"/>
        <line num="33" count="24" type="stmt"/>
        <line num="36" count="24" type="stmt"/>
        <line num="38" count="17" type="cond" truecount="4" falsecount="0"/>
        <line num="39" count="1" type="stmt"/>
        <line num="42" count="16" type="cond" truecount="4" falsecount="0"/>
        <line num="43" count="2" type="stmt"/>
        <line num="46" count="14" type="cond" truecount="5" falsecount="0"/>
        <line num="47" count="1" type="stmt"/>
        <line num="50" count="13" type="cond" truecount="4" falsecount="0"/>
        <line num="51" count="1" type="stmt"/>
        <line num="54" count="12" type="cond" truecount="4" falsecount="0"/>
        <line num="55" count="1" type="stmt"/>
        <line num="58" count="11" type="cond" truecount="4" falsecount="0"/>
        <line num="59" count="1" type="stmt"/>
        <line num="62" count="10" type="cond" truecount="4" falsecount="0"/>
        <line num="63" count="2" type="stmt"/>
        <line num="65" count="8" type="stmt"/>
        <line num="68" count="24" type="stmt"/>
        <line num="69" count="13" type="stmt"/>
        <line num="75" count="24" type="stmt"/>
      </file>
      <file name="usePlayerClassLogic.js" path="/Users/paulgilchrist/Source/dnd-tools/src/hooks/usePlayerClassLogic.js">
        <metrics statements="89" coveredstatements="86" conditionals="59" coveredconditionals="51" methods="21" coveredmethods="20"/>
        <line num="4" count="60" type="stmt"/>
        <line num="5" count="60" type="stmt"/>
        <line num="6" count="60" type="stmt"/>
        <line num="9" count="60" type="stmt"/>
        <line num="10" count="43" type="cond" truecount="2" falsecount="0"/>
        <line num="11" count="3" type="stmt"/>
        <line num="13" count="43" type="cond" truecount="3" falsecount="1"/>
        <line num="14" count="43" type="stmt"/>
        <line num="18" count="60" type="stmt"/>
        <line num="19" count="4" type="cond" truecount="4" falsecount="0"/>
        <line num="20" count="2" type="stmt"/>
        <line num="21" count="2" type="stmt"/>
        <line num="22" count="3" type="stmt"/>
        <line num="24" count="2" type="stmt"/>
        <line num="27" count="60" type="stmt"/>
        <line num="28" count="8" type="cond" truecount="4" falsecount="0"/>
        <line num="29" count="6" type="stmt"/>
        <line num="30" count="6" type="stmt"/>
        <line num="31" count="8" type="cond" truecount="5" falsecount="0"/>
        <line num="33" count="2" type="stmt"/>
        <line num="34" count="2" type="stmt"/>
        <line num="36" count="1" type="stmt"/>
        <line num="38" count="2" type="stmt"/>
        <line num="39" count="2" type="stmt"/>
        <line num="41" count="2" type="stmt"/>
        <line num="42" count="2" type="stmt"/>
        <line num="44" count="2" type="stmt"/>
        <line num="47" count="6" type="stmt"/>
        <line num="50" count="60" type="stmt"/>
        <line num="51" count="7" type="cond" truecount="4" falsecount="0"/>
        <line num="52" count="5" type="stmt"/>
        <line num="53" count="5" type="stmt"/>
        <line num="54" count="5" type="stmt"/>
        <line num="55" count="5" type="stmt"/>
        <line num="56" count="8" type="stmt"/>
        <line num="57" count="8" type="stmt"/>
        <line num="58" count="8" type="stmt"/>
        <line num="59" count="8" type="stmt"/>
        <line num="60" count="8" type="cond" truecount="1" falsecount="1"/>
        <line num="61" count="8" type="stmt"/>
        <line num="62" count="8" type="cond" truecount="2" falsecount="0"/>
        <line num="63" count="6" type="cond" truecount="2" falsecount="0"/>
        <line num="64" count="1" type="stmt"/>
        <line num="66" count="6" type="stmt"/>
        <line num="69" count="8" type="cond" truecount="1" falsecount="1"/>
        <line num="70" count="0" type="cond" truecount="0" falsecount="4"/>
        <line num="71" count="0" type="stmt"/>
        <line num="73" count="0" type="stmt"/>
        <line num="75" count="8" type="stmt"/>
        <line num="77" count="8" type="stmt"/>
        <line num="78" count="8" type="stmt"/>
        <line num="80" count="5" type="stmt"/>
        <line num="83" count="60" type="stmt"/>
        <line num="84" count="60" type="cond" truecount="2" falsecount="0"/>
        <line num="86" count="115" type="stmt"/>
        <line num="88" count="59" type="stmt"/>
        <line num="89" count="59" type="stmt"/>
        <line num="90" count="64" type="cond" truecount="2" falsecount="0"/>
        <line num="91" count="63" type="stmt"/>
        <line num="92" count="63" type="stmt"/>
        <line num="97" count="63" type="cond" truecount="2" falsecount="0"/>
        <line num="98" count="62" type="stmt"/>
        <line num="103" count="64" type="stmt"/>
        <line num="106" count="60" type="stmt"/>
        <line num="107" count="60" type="cond" truecount="4" falsecount="0"/>
        <line num="109" count="7" type="stmt"/>
        <line num="110" count="7" type="cond" truecount="4" falsecount="0"/>
        <line num="112" count="2" type="stmt"/>
        <line num="113" count="2" type="stmt"/>
        <line num="114" count="2" type="stmt"/>
        <line num="115" count="2" type="cond" truecount="2" falsecount="0"/>
        <line num="116" count="1" type="stmt"/>
        <line num="117" count="1" type="stmt"/>
        <line num="122" count="1" type="cond" truecount="1" falsecount="1"/>
        <line num="123" count="1" type="stmt"/>
        <line num="128" count="2" type="stmt"/>
        <line num="131" count="60" type="stmt"/>
        <line num="132" count="2" type="stmt"/>
        <line num="135" count="60" type="stmt"/>
        <line num="136" count="5" type="cond" truecount="2" falsecount="0"/>
        <line num="137" count="1" type="stmt"/>
        <line num="139" count="4" type="stmt"/>
        <line num="143" count="60" type="stmt"/>
        <line num="144" count="7" type="cond" truecount="2" falsecount="0"/>
        <line num="145" count="1" type="stmt"/>
        <line num="147" count="6" type="stmt"/>
        <line num="151" count="60" type="stmt"/>
        <line num="152" count="60" type="stmt"/>
        <line num="154" count="60" type="stmt"/>
      </file>
      <file name="useSpellFilter.js" path="/Users/paulgilchrist/Source/dnd-tools/src/hooks/useSpellFilter.js">
        <metrics statements="11" coveredstatements="11" conditionals="34" coveredconditionals="33" methods="2" coveredmethods="2"/>
        <line num="3" count="25" type="cond" truecount="12" falsecount="1"/>
        <line num="11" count="2" type="stmt"/>
        <line num="15" count="23" type="cond" truecount="4" falsecount="0"/>
        <line num="16" count="2" type="stmt"/>
        <line num="20" count="21" type="cond" truecount="4" falsecount="0"/>
        <line num="21" count="2" type="stmt"/>
        <line num="25" count="19" type="cond" truecount="4" falsecount="0"/>
        <line num="26" count="1" type="stmt"/>
        <line num="30" count="18" type="cond" truecount="9" falsecount="0"/>
        <line num="34" count="2" type="stmt"/>
        <line num="37" count="16" type="stmt"/>
      </file>
      <file name="useSpellPersistence.js" path="/Users/paulgilchrist/Source/dnd-tools/src/hooks/useSpellPersistence.js">
        <metrics statements="52" coveredstatements="52" conditionals="8" coveredconditionals="8" methods="18" coveredmethods="18"/>
        <line num="5" count="27" type="stmt"/>
        <line num="6" count="27" type="stmt"/>
        <line num="9" count="27" type="stmt"/>
        <line num="10" count="13" type="stmt"/>
        <line num="11" count="13" type="cond" truecount="2" falsecount="0"/>
        <line num="12" count="3" type="stmt"/>
        <line num="15" count="13" type="stmt"/>
        <line num="16" count="13" type="cond" truecount="2" falsecount="0"/>
        <line num="17" count="3" type="stmt"/>
        <line num="21" count="27" type="stmt"/>
        <line num="22" count="1" type="stmt"/>
        <line num="23" count="2" type="stmt"/>
        <line num="24" count="1" type="stmt"/>
        <line num="25" count="1" type="stmt"/>
        <line num="26" count="1" type="stmt"/>
        <line num="29" count="27" type="stmt"/>
        <line num="30" count="1" type="stmt"/>
        <line num="31" count="2" type="stmt"/>
        <line num="32" count="1" type="stmt"/>
        <line num="33" count="1" type="stmt"/>
        <line num="34" count="1" type="stmt"/>
        <line num="37" count="27" type="stmt"/>
        <line num="39" count="2" type="cond" truecount="2" falsecount="0"/>
        <line num="40" count="1" type="stmt"/>
        <line num="42" count="2" type="stmt"/>
        <line num="44" count="2" type="stmt"/>
        <line num="45" count="2" type="stmt"/>
        <line num="46" count="2" type="stmt"/>
        <line num="49" count="27" type="stmt"/>
        <line num="51" count="2" type="cond" truecount="2" falsecount="0"/>
        <line num="52" count="1" type="stmt"/>
        <line num="54" count="2" type="stmt"/>
        <line num="56" count="2" type="stmt"/>
        <line num="57" count="2" type="stmt"/>
        <line num="58" count="2" type="stmt"/>
        <line num="61" count="27" type="stmt"/>
        <line num="62" count="1" type="stmt"/>
        <line num="63" count="1" type="stmt"/>
        <line num="64" count="1" type="stmt"/>
        <line num="67" count="27" type="stmt"/>
        <line num="68" count="2" type="stmt"/>
        <line num="69" count="1" type="stmt"/>
        <line num="70" count="1" type="stmt"/>
        <line num="73" count="27" type="stmt"/>
        <line num="74" count="1" type="stmt"/>
        <line num="75" count="1" type="stmt"/>
        <line num="76" count="1" type="stmt"/>
        <line num="79" count="27" type="stmt"/>
        <line num="80" count="2" type="stmt"/>
        <line num="81" count="1" type="stmt"/>
        <line num="82" count="1" type="stmt"/>
        <line num="85" count="27" type="stmt"/>
      </file>
    </package>
    <package name="utils">
      <metrics statements="36" coveredstatements="36" conditionals="10" coveredconditionals="10" methods="8" coveredmethods="8"/>
      <file name="htmlUtils.js" path="/Users/paulgilchrist/Source/dnd-tools/src/utils/htmlUtils.js">
        <metrics statements="4" coveredstatements="4" conditionals="4" coveredconditionals="4" methods="1" coveredmethods="1"/>
        <line num="18" count="12" type="cond" truecount="4" falsecount="0"/>
        <line num="19" count="4" type="stmt"/>
        <line num="22" count="8" type="stmt"/>
        <line num="35" count="8" type="stmt"/>
      </file>
      <file name="localStorage.js" path="/Users/paulgilchrist/Source/dnd-tools/src/utils/localStorage.js">
        <metrics statements="26" coveredstatements="26" conditionals="2" coveredconditionals="2" methods="5" coveredmethods="5"/>
        <line num="2" count="1" type="stmt"/>
        <line num="49" count="1" type="stmt"/>
        <line num="50" count="5" type="stmt"/>
        <line num="51" count="5" type="stmt"/>
        <line num="52" count="5" type="cond" truecount="2" falsecount="0"/>
        <line num="53" count="3" type="stmt"/>
        <line num="55" count="2" type="stmt"/>
        <line num="57" count="1" type="stmt"/>
        <line num="58" count="1" type="stmt"/>
        <line num="62" count="1" type="stmt"/>
        <line num="63" count="4" type="stmt"/>
        <line num="64" count="4" type="stmt"/>
        <line num="66" count="1" type="stmt"/>
        <line num="70" count="1" type="stmt"/>
        <line num="71" count="2" type="stmt"/>
        <line num="72" count="2" type="stmt"/>
        <line num="74" count="1" type="stmt"/>
        <line num="79" count="1" type="stmt"/>
        <line num="80" count="2" type="stmt"/>
        <line num="81" count="2" type="stmt"/>
        <line num="83" count="1" type="stmt"/>
        <line num="87" count="1" type="stmt"/>
        <line num="88" count="3" type="stmt"/>
        <line num="89" count="3" type="stmt"/>
        <line num="91" count="1" type="stmt"/>
        <line num="92" count="1" type="stmt"/>
      </file>
      <file name="monsterUtils.js" path="/Users/paulgilchrist/Source/dnd-tools/src/utils/monsterUtils.js">
        <metrics statements="6" coveredstatements="6" conditionals="4" coveredconditionals="4" methods="2" coveredmethods="2"/>
        <line num="1" count="1" type="stmt"/>
        <line num="2" count="7" type="cond" truecount="4" falsecount="0"/>
        <line num="3" count="4" type="stmt"/>
        <line num="4" count="4" type="stmt"/>
        <line num="5" count="8" type="stmt"/>
        <line num="7" count="4" type="stmt"/>
      </file>
    </package>
  </project>
</coverage>
