{"/Users/paulgilchrist/Source/dnd-tools/src/components/common/MagicItemCard.jsx": {"path":"/Users/paulgilchrist/Source/dnd-tools/src/components/common/MagicItemCard.jsx","statementMap":{"0":{"start":{"line":14,"column":23},"end":{"line":14,"column":56}},"1":{"start":{"line":17,"column":4},"end":{"line":21,"column":null}},"2":{"start":{"line":18,"column":8},"end":{"line":19,"column":null}},"3":{"start":{"line":19,"column":12},"end":{"line":19,"column":null}},"4":{"start":{"line":23,"column":10},"end":{"line":25,"column":null}},"5":{"start":{"line":24,"column":8},"end":{"line":24,"column":null}},"6":{"start":{"line":25,"column":8},"end":{"line":25,"column":null}},"7":{"start":{"line":28,"column":10},"end":{"line":30,"column":null}},"8":{"start":{"line":29,"column":8},"end":{"line":29,"column":null}},"9":{"start":{"line":30,"column":8},"end":{"line":30,"column":null}},"10":{"start":{"line":33,"column":10},"end":{"line":37,"column":null}},"11":{"start":{"line":34,"column":8},"end":{"line":34,"column":null}},"12":{"start":{"line":35,"column":8},"end":{"line":35,"column":null}},"13":{"start":{"line":36,"column":8},"end":{"line":36,"column":null}},"14":{"start":{"line":37,"column":8},"end":{"line":37,"column":null}},"15":{"start":{"line":40,"column":10},"end":{"line":42,"column":null}},"16":{"start":{"line":41,"column":8},"end":{"line":41,"column":null}},"17":{"start":{"line":42,"column":8},"end":{"line":42,"column":null}},"18":{"start":{"line":45,"column":4},"end":{"line":46,"column":null}},"19":{"start":{"line":46,"column":8},"end":{"line":46,"column":null}},"20":{"start":{"line":49,"column":4},"end":{"line":122,"column":null}}},"fnMap":{"0":{"name":"MagicItemCard","decl":{"start":{"line":13,"column":9},"end":{"line":13,"column":23}},"loc":{"start":{"line":13,"column":92},"end":{"line":122,"column":null}},"line":13},"1":{"name":"(anonymous_1)","decl":{"start":{"line":17,"column":4},"end":{"line":17,"column":20}},"loc":{"start":{"line":17,"column":20},"end":{"line":21,"column":11}},"line":17},"2":{"name":"(anonymous_2)","decl":{"start":{"line":23,"column":10},"end":{"line":23,"column":32}},"loc":{"start":{"line":23,"column":32},"end":{"line":25,"column":null}},"line":23},"3":{"name":"(anonymous_3)","decl":{"start":{"line":28,"column":10},"end":{"line":28,"column":33}},"loc":{"start":{"line":28,"column":33},"end":{"line":30,"column":null}},"line":28},"4":{"name":"(anonymous_4)","decl":{"start":{"line":33,"column":10},"end":{"line":33,"column":34}},"loc":{"start":{"line":33,"column":40},"end":{"line":37,"column":null}},"line":33},"5":{"name":"(anonymous_5)","decl":{"start":{"line":40,"column":10},"end":{"line":40,"column":30}},"loc":{"start":{"line":40,"column":36},"end":{"line":42,"column":null}},"line":40}},"branchMap":{"0":{"loc":{"start":{"line":18,"column":8},"end":{"line":19,"column":null}},"type":"if","locations":[{"start":{"line":18,"column":8},"end":{"line":19,"column":null}},{"start":{},"end":{}}],"line":18},"1":{"loc":{"start":{"line":45,"column":4},"end":{"line":46,"column":null}},"type":"if","locations":[{"start":{"line":45,"column":4},"end":{"line":46,"column":null}},{"start":{},"end":{}}],"line":45},"2":{"loc":{"start":{"line":50,"column":41},"end":{"line":50,"column":71}},"type":"cond-expr","locations":[{"start":{"line":50,"column":54},"end":{"line":50,"column":65}},{"start":{"line":50,"column":65},"end":{"line":50,"column":71}}],"line":50},"3":{"loc":{"start":{"line":56,"column":28},"end":{"line":57,"column":null}},"type":"binary-expr","locations":[{"start":{"line":56,"column":28},"end":{"line":56,"column":null}},{"start":{"line":57,"column":31},"end":{"line":57,"column":null}}],"line":56},"4":{"loc":{"start":{"line":59,"column":28},"end":{"line":60,"column":null}},"type":"binary-expr","locations":[{"start":{"line":59,"column":28},"end":{"line":59,"column":null}},{"start":{"line":60,"column":31},"end":{"line":60,"column":null}}],"line":59},"5":{"loc":{"start":{"line":69,"column":35},"end":{"line":69,"column":null}},"type":"binary-expr","locations":[{"start":{"line":69,"column":35},"end":{"line":69,"column":59}},{"start":{"line":69,"column":59},"end":{"line":69,"column":null}}],"line":69},"6":{"loc":{"start":{"line":82,"column":16},"end":{"line":122,"column":null}},"type":"binary-expr","locations":[{"start":{"line":82,"column":16},"end":{"line":82,"column":null}},{"start":{"line":83,"column":19},"end":{"line":122,"column":null}}],"line":82},"7":{"loc":{"start":{"line":86,"column":28},"end":{"line":90,"column":null}},"type":"binary-expr","locations":[{"start":{"line":86,"column":28},"end":{"line":86,"column":null}},{"start":{"line":87,"column":31},"end":{"line":90,"column":null}}],"line":86},"8":{"loc":{"start":{"line":94,"column":28},"end":{"line":97,"column":null}},"type":"binary-expr","locations":[{"start":{"line":94,"column":28},"end":{"line":94,"column":null}},{"start":{"line":95,"column":31},"end":{"line":97,"column":null}}],"line":94},"9":{"loc":{"start":{"line":101,"column":28},"end":{"line":119,"column":null}},"type":"binary-expr","locations":[{"start":{"line":101,"column":28},"end":{"line":101,"column":null}},{"start":{"line":102,"column":31},"end":{"line":119,"column":null}}],"line":101},"10":{"loc":{"start":{"line":103,"column":36},"end":{"line":103,"column":null}},"type":"binary-expr","locations":[{"start":{"line":103,"column":36},"end":{"line":103,"column":79}},{"start":{"line":103,"column":79},"end":{"line":103,"column":null}}],"line":103},"11":{"loc":{"start":{"line":104,"column":36},"end":{"line":104,"column":null}},"type":"binary-expr","locations":[{"start":{"line":104,"column":36},"end":{"line":104,"column":69}},{"start":{"line":104,"column":69},"end":{"line":104,"column":null}}],"line":104},"12":{"loc":{"start":{"line":105,"column":36},"end":{"line":105,"column":null}},"type":"binary-expr","locations":[{"start":{"line":105,"column":36},"end":{"line":105,"column":69}},{"start":{"line":105,"column":69},"end":{"line":105,"column":null}}],"line":105},"13":{"loc":{"start":{"line":106,"column":36},"end":{"line":106,"column":null}},"type":"binary-expr","locations":[{"start":{"line":106,"column":36},"end":{"line":106,"column":63}},{"start":{"line":106,"column":63},"end":{"line":106,"column":null}}],"line":106},"14":{"loc":{"start":{"line":107,"column":36},"end":{"line":107,"column":null}},"type":"binary-expr","locations":[{"start":{"line":107,"column":36},"end":{"line":107,"column":69}},{"start":{"line":107,"column":69},"end":{"line":107,"column":null}}],"line":107},"15":{"loc":{"start":{"line":108,"column":36},"end":{"line":108,"column":null}},"type":"binary-expr","locations":[{"start":{"line":108,"column":36},"end":{"line":108,"column":64}},{"start":{"line":108,"column":64},"end":{"line":108,"column":null}}],"line":108},"16":{"loc":{"start":{"line":109,"column":36},"end":{"line":109,"column":null}},"type":"binary-expr","locations":[{"start":{"line":109,"column":36},"end":{"line":109,"column":78}},{"start":{"line":109,"column":78},"end":{"line":109,"column":null}}],"line":109},"17":{"loc":{"start":{"line":110,"column":36},"end":{"line":110,"column":null}},"type":"binary-expr","locations":[{"start":{"line":110,"column":36},"end":{"line":110,"column":67}},{"start":{"line":110,"column":67},"end":{"line":110,"column":null}}],"line":110},"18":{"loc":{"start":{"line":111,"column":36},"end":{"line":111,"column":null}},"type":"binary-expr","locations":[{"start":{"line":111,"column":36},"end":{"line":111,"column":78}},{"start":{"line":111,"column":78},"end":{"line":111,"column":null}}],"line":111},"19":{"loc":{"start":{"line":112,"column":36},"end":{"line":112,"column":null}},"type":"binary-expr","locations":[{"start":{"line":112,"column":36},"end":{"line":112,"column":62}},{"start":{"line":112,"column":62},"end":{"line":112,"column":null}}],"line":112},"20":{"loc":{"start":{"line":113,"column":36},"end":{"line":113,"column":null}},"type":"binary-expr","locations":[{"start":{"line":113,"column":36},"end":{"line":113,"column":66}},{"start":{"line":113,"column":66},"end":{"line":113,"column":null}}],"line":113},"21":{"loc":{"start":{"line":114,"column":36},"end":{"line":114,"column":null}},"type":"binary-expr","locations":[{"start":{"line":114,"column":36},"end":{"line":114,"column":65}},{"start":{"line":114,"column":65},"end":{"line":114,"column":null}}],"line":114},"22":{"loc":{"start":{"line":115,"column":36},"end":{"line":115,"column":null}},"type":"binary-expr","locations":[{"start":{"line":115,"column":36},"end":{"line":115,"column":67}},{"start":{"line":115,"column":67},"end":{"line":115,"column":null}}],"line":115},"23":{"loc":{"start":{"line":116,"column":36},"end":{"line":116,"column":null}},"type":"binary-expr","locations":[{"start":{"line":116,"column":36},"end":{"line":116,"column":65}},{"start":{"line":116,"column":65},"end":{"line":116,"column":null}}],"line":116},"24":{"loc":{"start":{"line":117,"column":36},"end":{"line":117,"column":null}},"type":"binary-expr","locations":[{"start":{"line":117,"column":36},"end":{"line":117,"column":68}},{"start":{"line":117,"column":68},"end":{"line":117,"column":null}}],"line":117},"25":{"loc":{"start":{"line":118,"column":36},"end":{"line":118,"column":null}},"type":"binary-expr","locations":[{"start":{"line":118,"column":36},"end":{"line":118,"column":67}},{"start":{"line":118,"column":67},"end":{"line":118,"column":null}}],"line":118}},"s":{"0":17,"1":17,"2":15,"3":1,"4":17,"5":1,"6":1,"7":17,"8":0,"9":0,"10":17,"11":2,"12":2,"13":2,"14":2,"15":17,"16":0,"17":0,"18":17,"19":1,"20":16},"f":{"0":17,"1":15,"2":1,"3":0,"4":2,"5":0},"b":{"0":[1,14],"1":[1,16],"2":[5,11],"3":[17,15],"4":[17,1],"5":[17,14],"6":[17,5],"7":[5,4],"8":[5,0],"9":[5,0],"10":[0,0],"11":[0,0],"12":[0,0],"13":[0,0],"14":[0,0],"15":[0,0],"16":[0,0],"17":[0,0],"18":[0,0],"19":[0,0],"20":[0,0],"21":[0,0],"22":[0,0],"23":[0,0],"24":[0,0],"25":[0,0]},"meta":{"lastBranch":26,"lastFunction":6,"lastStatement":21,"seen":{"f:13:9:13:23":0,"s:14:23:14:56":0,"s:17:4:21:Infinity":1,"f:17:4:17:20":1,"b:18:8:19:Infinity:undefined:undefined:undefined:undefined":0,"s:18:8:19:Infinity":2,"s:19:12:19:Infinity":3,"s:23:10:25:Infinity":4,"f:23:10:23:32":2,"s:24:8:24:Infinity":5,"s:25:8:25:Infinity":6,"s:28:10:30:Infinity":7,"f:28:10:28:33":3,"s:29:8:29:Infinity":8,"s:30:8:30:Infinity":9,"s:33:10:37:Infinity":10,"f:33:10:33:34":4,"s:34:8:34:Infinity":11,"s:35:8:35:Infinity":12,"s:36:8:36:Infinity":13,"s:37:8:37:Infinity":14,"s:40:10:42:Infinity":15,"f:40:10:40:30":5,"s:41:8:41:Infinity":16,"s:42:8:42:Infinity":17,"b:45:4:46:Infinity:undefined:undefined:undefined:undefined":1,"s:45:4:46:Infinity":18,"s:46:8:46:Infinity":19,"s:49:4:122:Infinity":20,"b:50:54:50:65:50:65:50:71":2,"b:56:28:56:Infinity:57:31:57:Infinity":3,"b:59:28:59:Infinity:60:31:60:Infinity":4,"b:69:35:69:59:69:59:69:Infinity":5,"b:82:16:82:Infinity:83:19:122:Infinity":6,"b:86:28:86:Infinity:87:31:90:Infinity":7,"b:94:28:94:Infinity:95:31:97:Infinity":8,"b:101:28:101:Infinity:102:31:119:Infinity":9,"b:103:36:103:79:103:79:103:Infinity":10,"b:104:36:104:69:104:69:104:Infinity":11,"b:105:36:105:69:105:69:105:Infinity":12,"b:106:36:106:63:106:63:106:Infinity":13,"b:107:36:107:69:107:69:107:Infinity":14,"b:108:36:108:64:108:64:108:Infinity":15,"b:109:36:109:78:109:78:109:Infinity":16,"b:110:36:110:67:110:67:110:Infinity":17,"b:111:36:111:78:111:78:111:Infinity":18,"b:112:36:112:62:112:62:112:Infinity":19,"b:113:36:113:66:113:66:113:Infinity":20,"b:114:36:114:65:114:65:114:Infinity":21,"b:115:36:115:67:115:67:115:Infinity":22,"b:116:36:116:65:116:65:116:Infinity":23,"b:117:36:117:68:117:68:117:Infinity":24,"b:118:36:118:67:118:67:118:Infinity":25}}}
,"/Users/paulgilchrist/Source/dnd-tools/src/components/common/MagicItemSections.jsx": {"path":"/Users/paulgilchrist/Source/dnd-tools/src/components/common/MagicItemSections.jsx","statementMap":{"0":{"start":{"line":8,"column":4},"end":{"line":8,"column":null}},"1":{"start":{"line":8,"column":33},"end":{"line":8,"column":null}},"2":{"start":{"line":10,"column":20},"end":{"line":10,"column":null}},"3":{"start":{"line":11,"column":18},"end":{"line":11,"column":20}},"4":{"start":{"line":13,"column":4},"end":{"line":14,"column":null}},"5":{"start":{"line":14,"column":8},"end":{"line":14,"column":null}},"6":{"start":{"line":16,"column":4},"end":{"line":17,"column":null}},"7":{"start":{"line":17,"column":8},"end":{"line":17,"column":null}},"8":{"start":{"line":19,"column":4},"end":{"line":20,"column":null}},"9":{"start":{"line":20,"column":8},"end":{"line":20,"column":null}},"10":{"start":{"line":22,"column":4},"end":{"line":23,"column":null}},"11":{"start":{"line":23,"column":8},"end":{"line":23,"column":null}},"12":{"start":{"line":25,"column":4},"end":{"line":26,"column":null}},"13":{"start":{"line":26,"column":8},"end":{"line":26,"column":null}},"14":{"start":{"line":29,"column":4},"end":{"line":29,"column":null}},"15":{"start":{"line":36,"column":4},"end":{"line":36,"column":null}},"16":{"start":{"line":36,"column":33},"end":{"line":36,"column":null}},"17":{"start":{"line":38,"column":46},"end":{"line":38,"column":null}},"18":{"start":{"line":39,"column":18},"end":{"line":39,"column":20}},"19":{"start":{"line":41,"column":4},"end":{"line":42,"column":null}},"20":{"start":{"line":42,"column":8},"end":{"line":42,"column":null}},"21":{"start":{"line":44,"column":4},"end":{"line":45,"column":null}},"22":{"start":{"line":45,"column":8},"end":{"line":45,"column":null}},"23":{"start":{"line":48,"column":4},"end":{"line":52,"column":null}},"24":{"start":{"line":49,"column":8},"end":{"line":49,"column":null}},"25":{"start":{"line":50,"column":8},"end":{"line":52,"column":null}},"26":{"start":{"line":51,"column":12},"end":{"line":51,"column":null}},"27":{"start":{"line":55,"column":4},"end":{"line":55,"column":null}},"28":{"start":{"line":62,"column":4},"end":{"line":62,"column":null}},"29":{"start":{"line":62,"column":27},"end":{"line":62,"column":null}},"30":{"start":{"line":64,"column":55},"end":{"line":64,"column":null}},"31":{"start":{"line":65,"column":18},"end":{"line":65,"column":20}},"32":{"start":{"line":67,"column":4},"end":{"line":68,"column":null}},"33":{"start":{"line":68,"column":8},"end":{"line":68,"column":null}},"34":{"start":{"line":70,"column":4},"end":{"line":71,"column":null}},"35":{"start":{"line":71,"column":8},"end":{"line":71,"column":null}},"36":{"start":{"line":74,"column":4},"end":{"line":74,"column":null}},"37":{"start":{"line":81,"column":4},"end":{"line":81,"column":null}},"38":{"start":{"line":81,"column":72},"end":{"line":81,"column":null}},"39":{"start":{"line":83,"column":18},"end":{"line":83,"column":43}},"40":{"start":{"line":84,"column":4},"end":{"line":89,"column":null}},"41":{"start":{"line":85,"column":8},"end":{"line":85,"column":null}},"42":{"start":{"line":86,"column":8},"end":{"line":87,"column":null}},"43":{"start":{"line":87,"column":12},"end":{"line":87,"column":null}},"44":{"start":{"line":91,"column":4},"end":{"line":91,"column":null}},"45":{"start":{"line":98,"column":4},"end":{"line":98,"column":null}},"46":{"start":{"line":98,"column":28},"end":{"line":98,"column":null}},"47":{"start":{"line":100,"column":118},"end":{"line":100,"column":null}},"48":{"start":{"line":101,"column":18},"end":{"line":101,"column":37}},"49":{"start":{"line":103,"column":4},"end":{"line":103,"column":null}},"50":{"start":{"line":103,"column":22},"end":{"line":103,"column":null}},"51":{"start":{"line":104,"column":4},"end":{"line":104,"column":null}},"52":{"start":{"line":104,"column":22},"end":{"line":104,"column":null}},"53":{"start":{"line":105,"column":4},"end":{"line":105,"column":null}},"54":{"start":{"line":105,"column":18},"end":{"line":105,"column":null}},"55":{"start":{"line":106,"column":4},"end":{"line":106,"column":null}},"56":{"start":{"line":106,"column":28},"end":{"line":106,"column":null}},"57":{"start":{"line":107,"column":4},"end":{"line":107,"column":null}},"58":{"start":{"line":107,"column":29},"end":{"line":107,"column":null}},"59":{"start":{"line":109,"column":4},"end":{"line":110,"column":null}},"60":{"start":{"line":110,"column":8},"end":{"line":110,"column":null}},"61":{"start":{"line":113,"column":4},"end":{"line":113,"column":null}},"62":{"start":{"line":120,"column":4},"end":{"line":120,"column":null}},"63":{"start":{"line":120,"column":42},"end":{"line":120,"column":null}},"64":{"start":{"line":122,"column":46},"end":{"line":122,"column":null}},"65":{"start":{"line":123,"column":18},"end":{"line":123,"column":20}},"66":{"start":{"line":125,"column":4},"end":{"line":126,"column":null}},"67":{"start":{"line":126,"column":8},"end":{"line":126,"column":null}},"68":{"start":{"line":128,"column":4},"end":{"line":129,"column":null}},"69":{"start":{"line":129,"column":8},"end":{"line":129,"column":null}},"70":{"start":{"line":132,"column":4},"end":{"line":132,"column":null}},"71":{"start":{"line":139,"column":4},"end":{"line":139,"column":null}},"72":{"start":{"line":139,"column":68},"end":{"line":139,"column":null}},"73":{"start":{"line":141,"column":4},"end":{"line":141,"column":null}},"74":{"start":{"line":148,"column":18},"end":{"line":148,"column":20}},"75":{"start":{"line":150,"column":4},"end":{"line":151,"column":null}},"76":{"start":{"line":151,"column":8},"end":{"line":151,"column":null}},"77":{"start":{"line":153,"column":4},"end":{"line":154,"column":null}},"78":{"start":{"line":154,"column":8},"end":{"line":154,"column":null}},"79":{"start":{"line":157,"column":4},"end":{"line":157,"column":null}},"80":{"start":{"line":164,"column":4},"end":{"line":164,"column":null}},"81":{"start":{"line":164,"column":26},"end":{"line":164,"column":null}},"82":{"start":{"line":166,"column":37},"end":{"line":166,"column":null}},"83":{"start":{"line":167,"column":4},"end":{"line":171,"column":null}},"84":{"start":{"line":180,"column":4},"end":{"line":180,"column":null}},"85":{"start":{"line":180,"column":30},"end":{"line":180,"column":null}},"86":{"start":{"line":182,"column":106},"end":{"line":182,"column":null}},"87":{"start":{"line":183,"column":18},"end":{"line":183,"column":20}},"88":{"start":{"line":185,"column":4},"end":{"line":185,"column":null}},"89":{"start":{"line":185,"column":19},"end":{"line":185,"column":null}},"90":{"start":{"line":186,"column":4},"end":{"line":186,"column":null}},"91":{"start":{"line":186,"column":22},"end":{"line":186,"column":null}},"92":{"start":{"line":187,"column":4},"end":{"line":187,"column":null}},"93":{"start":{"line":187,"column":16},"end":{"line":187,"column":null}},"94":{"start":{"line":188,"column":4},"end":{"line":188,"column":null}},"95":{"start":{"line":188,"column":18},"end":{"line":188,"column":null}},"96":{"start":{"line":189,"column":4},"end":{"line":189,"column":null}},"97":{"start":{"line":189,"column":19},"end":{"line":189,"column":null}},"98":{"start":{"line":190,"column":4},"end":{"line":190,"column":null}},"99":{"start":{"line":190,"column":21},"end":{"line":190,"column":null}},"100":{"start":{"line":191,"column":4},"end":{"line":191,"column":null}},"101":{"start":{"line":191,"column":17},"end":{"line":191,"column":null}},"102":{"start":{"line":192,"column":4},"end":{"line":192,"column":null}},"103":{"start":{"line":192,"column":23},"end":{"line":192,"column":null}},"104":{"start":{"line":194,"column":4},"end":{"line":194,"column":null}},"105":{"start":{"line":201,"column":4},"end":{"line":201,"column":null}},"106":{"start":{"line":201,"column":29},"end":{"line":201,"column":null}},"107":{"start":{"line":203,"column":4},"end":{"line":203,"column":null}},"108":{"start":{"line":210,"column":4},"end":{"line":210,"column":null}},"109":{"start":{"line":210,"column":31},"end":{"line":210,"column":null}},"110":{"start":{"line":212,"column":4},"end":{"line":212,"column":null}},"111":{"start":{"line":219,"column":4},"end":{"line":219,"column":null}},"112":{"start":{"line":219,"column":29},"end":{"line":219,"column":null}},"113":{"start":{"line":221,"column":4},"end":{"line":221,"column":null}},"114":{"start":{"line":228,"column":4},"end":{"line":228,"column":null}},"115":{"start":{"line":228,"column":70},"end":{"line":228,"column":null}},"116":{"start":{"line":230,"column":4},"end":{"line":230,"column":null}},"117":{"start":{"line":237,"column":4},"end":{"line":237,"column":null}},"118":{"start":{"line":237,"column":68},"end":{"line":237,"column":null}},"119":{"start":{"line":239,"column":4},"end":{"line":239,"column":null}},"120":{"start":{"line":246,"column":4},"end":{"line":246,"column":null}},"121":{"start":{"line":246,"column":43},"end":{"line":246,"column":null}},"122":{"start":{"line":248,"column":4},"end":{"line":248,"column":null}}},"fnMap":{"0":{"name":"ChargeSystem","decl":{"start":{"line":7,"column":9},"end":{"line":7,"column":22}},"loc":{"start":{"line":7,"column":37},"end":{"line":29,"column":null}},"line":7},"1":{"name":"SpellCasting","decl":{"start":{"line":35,"column":9},"end":{"line":35,"column":22}},"loc":{"start":{"line":35,"column":37},"end":{"line":55,"column":null}},"line":35},"2":{"name":"(anonymous_2)","decl":{"start":{"line":50,"column":15},"end":{"line":50,"column":23}},"loc":{"start":{"line":50,"column":32},"end":{"line":52,"column":null}},"line":50},"3":{"name":"Damage","decl":{"start":{"line":61,"column":9},"end":{"line":61,"column":16}},"loc":{"start":{"line":61,"column":31},"end":{"line":74,"column":null}},"line":61},"4":{"name":"SavingThrows","decl":{"start":{"line":80,"column":9},"end":{"line":80,"column":22}},"loc":{"start":{"line":80,"column":37},"end":{"line":91,"column":null}},"line":80},"5":{"name":"(anonymous_5)","decl":{"start":{"line":84,"column":27},"end":{"line":84,"column":35}},"loc":{"start":{"line":84,"column":41},"end":{"line":89,"column":null}},"line":84},"6":{"name":"Bonuses","decl":{"start":{"line":97,"column":9},"end":{"line":97,"column":17}},"loc":{"start":{"line":97,"column":32},"end":{"line":113,"column":null}},"line":97},"7":{"name":"AdvantageDisadvantage","decl":{"start":{"line":119,"column":9},"end":{"line":119,"column":31}},"loc":{"start":{"line":119,"column":46},"end":{"line":132,"column":null}},"line":119},"8":{"name":"Conditions","decl":{"start":{"line":138,"column":9},"end":{"line":138,"column":20}},"loc":{"start":{"line":138,"column":35},"end":{"line":141,"column":null}},"line":138},"9":{"name":"ResistancesImmunities","decl":{"start":{"line":147,"column":9},"end":{"line":147,"column":31}},"loc":{"start":{"line":147,"column":46},"end":{"line":157,"column":null}},"line":147},"10":{"name":"Curse","decl":{"start":{"line":163,"column":9},"end":{"line":163,"column":15}},"loc":{"start":{"line":163,"column":30},"end":{"line":171,"column":null}},"line":163},"11":{"name":"Sentience","decl":{"start":{"line":179,"column":9},"end":{"line":179,"column":19}},"loc":{"start":{"line":179,"column":34},"end":{"line":194,"column":null}},"line":179},"12":{"name":"ItemSlot","decl":{"start":{"line":200,"column":9},"end":{"line":200,"column":18}},"loc":{"start":{"line":200,"column":33},"end":{"line":203,"column":null}},"line":200},"13":{"name":"UsageLimit","decl":{"start":{"line":209,"column":9},"end":{"line":209,"column":20}},"loc":{"start":{"line":209,"column":35},"end":{"line":212,"column":null}},"line":209},"14":{"name":"Duration","decl":{"start":{"line":218,"column":9},"end":{"line":218,"column":18}},"loc":{"start":{"line":218,"column":33},"end":{"line":221,"column":null}},"line":218},"15":{"name":"ActionTypes","decl":{"start":{"line":227,"column":9},"end":{"line":227,"column":21}},"loc":{"start":{"line":227,"column":36},"end":{"line":230,"column":null}},"line":227},"16":{"name":"Properties","decl":{"start":{"line":236,"column":9},"end":{"line":236,"column":20}},"loc":{"start":{"line":236,"column":35},"end":{"line":239,"column":null}},"line":236},"17":{"name":"AttunementRequirements","decl":{"start":{"line":245,"column":9},"end":{"line":245,"column":32}},"loc":{"start":{"line":245,"column":47},"end":{"line":248,"column":null}},"line":245}},"branchMap":{"0":{"loc":{"start":{"line":8,"column":4},"end":{"line":8,"column":null}},"type":"if","locations":[{"start":{"line":8,"column":4},"end":{"line":8,"column":null}},{"start":{},"end":{}}],"line":8},"1":{"loc":{"start":{"line":13,"column":4},"end":{"line":14,"column":null}},"type":"if","locations":[{"start":{"line":13,"column":4},"end":{"line":14,"column":null}},{"start":{},"end":{}}],"line":13},"2":{"loc":{"start":{"line":16,"column":4},"end":{"line":17,"column":null}},"type":"if","locations":[{"start":{"line":16,"column":4},"end":{"line":17,"column":null}},{"start":{},"end":{}}],"line":16},"3":{"loc":{"start":{"line":19,"column":4},"end":{"line":20,"column":null}},"type":"if","locations":[{"start":{"line":19,"column":4},"end":{"line":20,"column":null}},{"start":{},"end":{}}],"line":19},"4":{"loc":{"start":{"line":22,"column":4},"end":{"line":23,"column":null}},"type":"if","locations":[{"start":{"line":22,"column":4},"end":{"line":23,"column":null}},{"start":{},"end":{}}],"line":22},"5":{"loc":{"start":{"line":25,"column":4},"end":{"line":26,"column":null}},"type":"if","locations":[{"start":{"line":25,"column":4},"end":{"line":26,"column":null}},{"start":{},"end":{}}],"line":25},"6":{"loc":{"start":{"line":36,"column":4},"end":{"line":36,"column":null}},"type":"if","locations":[{"start":{"line":36,"column":4},"end":{"line":36,"column":null}},{"start":{},"end":{}}],"line":36},"7":{"loc":{"start":{"line":41,"column":4},"end":{"line":42,"column":null}},"type":"if","locations":[{"start":{"line":41,"column":4},"end":{"line":42,"column":null}},{"start":{},"end":{}}],"line":41},"8":{"loc":{"start":{"line":44,"column":4},"end":{"line":45,"column":null}},"type":"if","locations":[{"start":{"line":44,"column":4},"end":{"line":45,"column":null}},{"start":{},"end":{}}],"line":44},"9":{"loc":{"start":{"line":48,"column":4},"end":{"line":52,"column":null}},"type":"if","locations":[{"start":{"line":48,"column":4},"end":{"line":52,"column":null}},{"start":{},"end":{}}],"line":48},"10":{"loc":{"start":{"line":48,"column":8},"end":{"line":48,"column":37}},"type":"binary-expr","locations":[{"start":{"line":48,"column":8},"end":{"line":48,"column":18}},{"start":{"line":48,"column":18},"end":{"line":48,"column":37}}],"line":48},"11":{"loc":{"start":{"line":51,"column":92},"end":{"line":51,"column":125}},"type":"cond-expr","locations":[{"start":{"line":51,"column":116},"end":{"line":51,"column":122}},{"start":{"line":51,"column":122},"end":{"line":51,"column":125}}],"line":51},"12":{"loc":{"start":{"line":62,"column":4},"end":{"line":62,"column":null}},"type":"if","locations":[{"start":{"line":62,"column":4},"end":{"line":62,"column":null}},{"start":{},"end":{}}],"line":62},"13":{"loc":{"start":{"line":67,"column":4},"end":{"line":68,"column":null}},"type":"if","locations":[{"start":{"line":67,"column":4},"end":{"line":68,"column":null}},{"start":{},"end":{}}],"line":67},"14":{"loc":{"start":{"line":70,"column":4},"end":{"line":71,"column":null}},"type":"if","locations":[{"start":{"line":70,"column":4},"end":{"line":71,"column":null}},{"start":{},"end":{}}],"line":70},"15":{"loc":{"start":{"line":81,"column":4},"end":{"line":81,"column":null}},"type":"if","locations":[{"start":{"line":81,"column":4},"end":{"line":81,"column":null}},{"start":{},"end":{}}],"line":81},"16":{"loc":{"start":{"line":81,"column":8},"end":{"line":81,"column":72}},"type":"binary-expr","locations":[{"start":{"line":81,"column":8},"end":{"line":81,"column":35}},{"start":{"line":81,"column":35},"end":{"line":81,"column":72}}],"line":81},"17":{"loc":{"start":{"line":86,"column":8},"end":{"line":87,"column":null}},"type":"if","locations":[{"start":{"line":86,"column":8},"end":{"line":87,"column":null}},{"start":{},"end":{}}],"line":86},"18":{"loc":{"start":{"line":98,"column":4},"end":{"line":98,"column":null}},"type":"if","locations":[{"start":{"line":98,"column":4},"end":{"line":98,"column":null}},{"start":{},"end":{}}],"line":98},"19":{"loc":{"start":{"line":103,"column":4},"end":{"line":103,"column":null}},"type":"if","locations":[{"start":{"line":103,"column":4},"end":{"line":103,"column":null}},{"start":{},"end":{}}],"line":103},"20":{"loc":{"start":{"line":104,"column":4},"end":{"line":104,"column":null}},"type":"if","locations":[{"start":{"line":104,"column":4},"end":{"line":104,"column":null}},{"start":{},"end":{}}],"line":104},"21":{"loc":{"start":{"line":105,"column":4},"end":{"line":105,"column":null}},"type":"if","locations":[{"start":{"line":105,"column":4},"end":{"line":105,"column":null}},{"start":{},"end":{}}],"line":105},"22":{"loc":{"start":{"line":106,"column":4},"end":{"line":106,"column":null}},"type":"if","locations":[{"start":{"line":106,"column":4},"end":{"line":106,"column":null}},{"start":{},"end":{}}],"line":106},"23":{"loc":{"start":{"line":107,"column":4},"end":{"line":107,"column":null}},"type":"if","locations":[{"start":{"line":107,"column":4},"end":{"line":107,"column":null}},{"start":{},"end":{}}],"line":107},"24":{"loc":{"start":{"line":109,"column":4},"end":{"line":110,"column":null}},"type":"if","locations":[{"start":{"line":109,"column":4},"end":{"line":110,"column":null}},{"start":{},"end":{}}],"line":109},"25":{"loc":{"start":{"line":120,"column":4},"end":{"line":120,"column":null}},"type":"if","locations":[{"start":{"line":120,"column":4},"end":{"line":120,"column":null}},{"start":{},"end":{}}],"line":120},"26":{"loc":{"start":{"line":125,"column":4},"end":{"line":126,"column":null}},"type":"if","locations":[{"start":{"line":125,"column":4},"end":{"line":126,"column":null}},{"start":{},"end":{}}],"line":125},"27":{"loc":{"start":{"line":125,"column":8},"end":{"line":125,"column":49}},"type":"binary-expr","locations":[{"start":{"line":125,"column":8},"end":{"line":125,"column":24}},{"start":{"line":125,"column":24},"end":{"line":125,"column":49}}],"line":125},"28":{"loc":{"start":{"line":128,"column":4},"end":{"line":129,"column":null}},"type":"if","locations":[{"start":{"line":128,"column":4},"end":{"line":129,"column":null}},{"start":{},"end":{}}],"line":128},"29":{"loc":{"start":{"line":128,"column":8},"end":{"line":128,"column":55}},"type":"binary-expr","locations":[{"start":{"line":128,"column":8},"end":{"line":128,"column":27}},{"start":{"line":128,"column":27},"end":{"line":128,"column":55}}],"line":128},"30":{"loc":{"start":{"line":132,"column":11},"end":{"line":132,"column":null}},"type":"cond-expr","locations":[{"start":{"line":132,"column":30},"end":{"line":132,"column":null}},{"start":{"line":132,"column":106},"end":{"line":132,"column":null}}],"line":132},"31":{"loc":{"start":{"line":139,"column":4},"end":{"line":139,"column":null}},"type":"if","locations":[{"start":{"line":139,"column":4},"end":{"line":139,"column":null}},{"start":{},"end":{}}],"line":139},"32":{"loc":{"start":{"line":139,"column":8},"end":{"line":139,"column":68}},"type":"binary-expr","locations":[{"start":{"line":139,"column":8},"end":{"line":139,"column":33}},{"start":{"line":139,"column":33},"end":{"line":139,"column":68}}],"line":139},"33":{"loc":{"start":{"line":150,"column":4},"end":{"line":151,"column":null}},"type":"if","locations":[{"start":{"line":150,"column":4},"end":{"line":151,"column":null}},{"start":{},"end":{}}],"line":150},"34":{"loc":{"start":{"line":150,"column":8},"end":{"line":150,"column":67}},"type":"binary-expr","locations":[{"start":{"line":150,"column":8},"end":{"line":150,"column":33}},{"start":{"line":150,"column":33},"end":{"line":150,"column":67}}],"line":150},"35":{"loc":{"start":{"line":153,"column":4},"end":{"line":154,"column":null}},"type":"if","locations":[{"start":{"line":153,"column":4},"end":{"line":154,"column":null}},{"start":{},"end":{}}],"line":153},"36":{"loc":{"start":{"line":153,"column":8},"end":{"line":153,"column":65}},"type":"binary-expr","locations":[{"start":{"line":153,"column":8},"end":{"line":153,"column":32}},{"start":{"line":153,"column":32},"end":{"line":153,"column":65}}],"line":153},"37":{"loc":{"start":{"line":157,"column":11},"end":{"line":157,"column":null}},"type":"cond-expr","locations":[{"start":{"line":157,"column":30},"end":{"line":157,"column":null}},{"start":{"line":157,"column":106},"end":{"line":157,"column":null}}],"line":157},"38":{"loc":{"start":{"line":164,"column":4},"end":{"line":164,"column":null}},"type":"if","locations":[{"start":{"line":164,"column":4},"end":{"line":164,"column":null}},{"start":{},"end":{}}],"line":164},"39":{"loc":{"start":{"line":171,"column":16},"end":{"line":171,"column":null}},"type":"binary-expr","locations":[{"start":{"line":171,"column":16},"end":{"line":171,"column":27}},{"start":{"line":171,"column":27},"end":{"line":171,"column":null}}],"line":171},"40":{"loc":{"start":{"line":180,"column":4},"end":{"line":180,"column":null}},"type":"if","locations":[{"start":{"line":180,"column":4},"end":{"line":180,"column":null}},{"start":{},"end":{}}],"line":180},"41":{"loc":{"start":{"line":185,"column":4},"end":{"line":185,"column":null}},"type":"if","locations":[{"start":{"line":185,"column":4},"end":{"line":185,"column":null}},{"start":{},"end":{}}],"line":185},"42":{"loc":{"start":{"line":186,"column":4},"end":{"line":186,"column":null}},"type":"if","locations":[{"start":{"line":186,"column":4},"end":{"line":186,"column":null}},{"start":{},"end":{}}],"line":186},"43":{"loc":{"start":{"line":187,"column":4},"end":{"line":187,"column":null}},"type":"if","locations":[{"start":{"line":187,"column":4},"end":{"line":187,"column":null}},{"start":{},"end":{}}],"line":187},"44":{"loc":{"start":{"line":188,"column":4},"end":{"line":188,"column":null}},"type":"if","locations":[{"start":{"line":188,"column":4},"end":{"line":188,"column":null}},{"start":{},"end":{}}],"line":188},"45":{"loc":{"start":{"line":189,"column":4},"end":{"line":189,"column":null}},"type":"if","locations":[{"start":{"line":189,"column":4},"end":{"line":189,"column":null}},{"start":{},"end":{}}],"line":189},"46":{"loc":{"start":{"line":190,"column":4},"end":{"line":190,"column":null}},"type":"if","locations":[{"start":{"line":190,"column":4},"end":{"line":190,"column":null}},{"start":{},"end":{}}],"line":190},"47":{"loc":{"start":{"line":191,"column":4},"end":{"line":191,"column":null}},"type":"if","locations":[{"start":{"line":191,"column":4},"end":{"line":191,"column":null}},{"start":{},"end":{}}],"line":191},"48":{"loc":{"start":{"line":192,"column":4},"end":{"line":192,"column":null}},"type":"if","locations":[{"start":{"line":192,"column":4},"end":{"line":192,"column":null}},{"start":{},"end":{}}],"line":192},"49":{"loc":{"start":{"line":201,"column":4},"end":{"line":201,"column":null}},"type":"if","locations":[{"start":{"line":201,"column":4},"end":{"line":201,"column":null}},{"start":{},"end":{}}],"line":201},"50":{"loc":{"start":{"line":210,"column":4},"end":{"line":210,"column":null}},"type":"if","locations":[{"start":{"line":210,"column":4},"end":{"line":210,"column":null}},{"start":{},"end":{}}],"line":210},"51":{"loc":{"start":{"line":219,"column":4},"end":{"line":219,"column":null}},"type":"if","locations":[{"start":{"line":219,"column":4},"end":{"line":219,"column":null}},{"start":{},"end":{}}],"line":219},"52":{"loc":{"start":{"line":228,"column":4},"end":{"line":228,"column":null}},"type":"if","locations":[{"start":{"line":228,"column":4},"end":{"line":228,"column":null}},{"start":{},"end":{}}],"line":228},"53":{"loc":{"start":{"line":228,"column":8},"end":{"line":228,"column":70}},"type":"binary-expr","locations":[{"start":{"line":228,"column":8},"end":{"line":228,"column":34}},{"start":{"line":228,"column":34},"end":{"line":228,"column":70}}],"line":228},"54":{"loc":{"start":{"line":237,"column":4},"end":{"line":237,"column":null}},"type":"if","locations":[{"start":{"line":237,"column":4},"end":{"line":237,"column":null}},{"start":{},"end":{}}],"line":237},"55":{"loc":{"start":{"line":237,"column":8},"end":{"line":237,"column":68}},"type":"binary-expr","locations":[{"start":{"line":237,"column":8},"end":{"line":237,"column":33}},{"start":{"line":237,"column":33},"end":{"line":237,"column":68}}],"line":237},"56":{"loc":{"start":{"line":246,"column":4},"end":{"line":246,"column":null}},"type":"if","locations":[{"start":{"line":246,"column":4},"end":{"line":246,"column":null}},{"start":{},"end":{}}],"line":246}},"s":{"0":7,"1":1,"2":6,"3":6,"4":6,"5":2,"6":6,"7":2,"8":6,"9":2,"10":6,"11":2,"12":6,"13":1,"14":6,"15":6,"16":1,"17":5,"18":5,"19":5,"20":1,"21":5,"22":1,"23":5,"24":3,"25":3,"26":3,"27":5,"28":3,"29":1,"30":2,"31":2,"32":2,"33":1,"34":2,"35":1,"36":2,"37":4,"38":2,"39":2,"40":2,"41":2,"42":2,"43":1,"44":2,"45":7,"46":1,"47":6,"48":6,"49":6,"50":1,"51":6,"52":6,"53":6,"54":6,"55":6,"56":6,"57":6,"58":6,"59":6,"60":1,"61":6,"62":4,"63":1,"64":3,"65":3,"66":3,"67":1,"68":3,"69":1,"70":3,"71":3,"72":2,"73":1,"74":3,"75":3,"76":1,"77":3,"78":1,"79":3,"80":3,"81":1,"82":2,"83":2,"84":2,"85":1,"86":1,"87":1,"88":1,"89":1,"90":1,"91":1,"92":1,"93":1,"94":1,"95":1,"96":1,"97":1,"98":1,"99":1,"100":1,"101":1,"102":1,"103":1,"104":1,"105":2,"106":1,"107":1,"108":2,"109":1,"110":1,"111":2,"112":1,"113":1,"114":3,"115":2,"116":1,"117":3,"118":2,"119":1,"120":2,"121":1,"122":1},"f":{"0":7,"1":6,"2":3,"3":3,"4":4,"5":2,"6":7,"7":4,"8":3,"9":3,"10":3,"11":2,"12":2,"13":2,"14":2,"15":3,"16":3,"17":2},"b":{"0":[1,6],"1":[2,4],"2":[2,4],"3":[2,4],"4":[2,4],"5":[1,5],"6":[1,5],"7":[1,4],"8":[1,4],"9":[3,2],"10":[5,3],"11":[2,1],"12":[1,2],"13":[1,1],"14":[1,1],"15":[2,2],"16":[4,3],"17":[1,1],"18":[1,6],"19":[1,5],"20":[1,5],"21":[1,5],"22":[1,5],"23":[1,5],"24":[1,5],"25":[1,3],"26":[1,2],"27":[3,2],"28":[1,2],"29":[3,2],"30":[2,1],"31":[2,1],"32":[3,2],"33":[1,2],"34":[3,1],"35":[1,2],"36":[3,1],"37":[2,1],"38":[1,2],"39":[2,1],"40":[1,1],"41":[1,0],"42":[1,0],"43":[1,0],"44":[1,0],"45":[1,0],"46":[1,0],"47":[1,0],"48":[1,0],"49":[1,1],"50":[1,1],"51":[1,1],"52":[2,1],"53":[3,2],"54":[2,1],"55":[3,2],"56":[1,1]},"meta":{"lastBranch":57,"lastFunction":18,"lastStatement":123,"seen":{"f:7:9:7:22":0,"b:8:4:8:Infinity:undefined:undefined:undefined:undefined":0,"s:8:4:8:Infinity":0,"s:8:33:8:Infinity":1,"s:10:20:10:Infinity":2,"s:11:18:11:20":3,"b:13:4:14:Infinity:undefined:undefined:undefined:undefined":1,"s:13:4:14:Infinity":4,"s:14:8:14:Infinity":5,"b:16:4:17:Infinity:undefined:undefined:undefined:undefined":2,"s:16:4:17:Infinity":6,"s:17:8:17:Infinity":7,"b:19:4:20:Infinity:undefined:undefined:undefined:undefined":3,"s:19:4:20:Infinity":8,"s:20:8:20:Infinity":9,"b:22:4:23:Infinity:undefined:undefined:undefined:undefined":4,"s:22:4:23:Infinity":10,"s:23:8:23:Infinity":11,"b:25:4:26:Infinity:undefined:undefined:undefined:undefined":5,"s:25:4:26:Infinity":12,"s:26:8:26:Infinity":13,"s:29:4:29:Infinity":14,"f:35:9:35:22":1,"b:36:4:36:Infinity:undefined:undefined:undefined:undefined":6,"s:36:4:36:Infinity":15,"s:36:33:36:Infinity":16,"s:38:46:38:Infinity":17,"s:39:18:39:20":18,"b:41:4:42:Infinity:undefined:undefined:undefined:undefined":7,"s:41:4:42:Infinity":19,"s:42:8:42:Infinity":20,"b:44:4:45:Infinity:undefined:undefined:undefined:undefined":8,"s:44:4:45:Infinity":21,"s:45:8:45:Infinity":22,"b:48:4:52:Infinity:undefined:undefined:undefined:undefined":9,"s:48:4:52:Infinity":23,"b:48:8:48:18:48:18:48:37":10,"s:49:8:49:Infinity":24,"s:50:8:52:Infinity":25,"f:50:15:50:23":2,"s:51:12:51:Infinity":26,"b:51:116:51:122:51:122:51:125":11,"s:55:4:55:Infinity":27,"f:61:9:61:16":3,"b:62:4:62:Infinity:undefined:undefined:undefined:undefined":12,"s:62:4:62:Infinity":28,"s:62:27:62:Infinity":29,"s:64:55:64:Infinity":30,"s:65:18:65:20":31,"b:67:4:68:Infinity:undefined:undefined:undefined:undefined":13,"s:67:4:68:Infinity":32,"s:68:8:68:Infinity":33,"b:70:4:71:Infinity:undefined:undefined:undefined:undefined":14,"s:70:4:71:Infinity":34,"s:71:8:71:Infinity":35,"s:74:4:74:Infinity":36,"f:80:9:80:22":4,"b:81:4:81:Infinity:undefined:undefined:undefined:undefined":15,"s:81:4:81:Infinity":37,"b:81:8:81:35:81:35:81:72":16,"s:81:72:81:Infinity":38,"s:83:18:83:43":39,"s:84:4:89:Infinity":40,"f:84:27:84:35":5,"s:85:8:85:Infinity":41,"b:86:8:87:Infinity:undefined:undefined:undefined:undefined":17,"s:86:8:87:Infinity":42,"s:87:12:87:Infinity":43,"s:91:4:91:Infinity":44,"f:97:9:97:17":6,"b:98:4:98:Infinity:undefined:undefined:undefined:undefined":18,"s:98:4:98:Infinity":45,"s:98:28:98:Infinity":46,"s:100:118:100:Infinity":47,"s:101:18:101:37":48,"b:103:4:103:Infinity:undefined:undefined:undefined:undefined":19,"s:103:4:103:Infinity":49,"s:103:22:103:Infinity":50,"b:104:4:104:Infinity:undefined:undefined:undefined:undefined":20,"s:104:4:104:Infinity":51,"s:104:22:104:Infinity":52,"b:105:4:105:Infinity:undefined:undefined:undefined:undefined":21,"s:105:4:105:Infinity":53,"s:105:18:105:Infinity":54,"b:106:4:106:Infinity:undefined:undefined:undefined:undefined":22,"s:106:4:106:Infinity":55,"s:106:28:106:Infinity":56,"b:107:4:107:Infinity:undefined:undefined:undefined:undefined":23,"s:107:4:107:Infinity":57,"s:107:29:107:Infinity":58,"b:109:4:110:Infinity:undefined:undefined:undefined:undefined":24,"s:109:4:110:Infinity":59,"s:110:8:110:Infinity":60,"s:113:4:113:Infinity":61,"f:119:9:119:31":7,"b:120:4:120:Infinity:undefined:undefined:undefined:undefined":25,"s:120:4:120:Infinity":62,"s:120:42:120:Infinity":63,"s:122:46:122:Infinity":64,"s:123:18:123:20":65,"b:125:4:126:Infinity:undefined:undefined:undefined:undefined":26,"s:125:4:126:Infinity":66,"b:125:8:125:24:125:24:125:49":27,"s:126:8:126:Infinity":67,"b:128:4:129:Infinity:undefined:undefined:undefined:undefined":28,"s:128:4:129:Infinity":68,"b:128:8:128:27:128:27:128:55":29,"s:129:8:129:Infinity":69,"s:132:4:132:Infinity":70,"b:132:30:132:Infinity:132:106:132:Infinity":30,"f:138:9:138:20":8,"b:139:4:139:Infinity:undefined:undefined:undefined:undefined":31,"s:139:4:139:Infinity":71,"b:139:8:139:33:139:33:139:68":32,"s:139:68:139:Infinity":72,"s:141:4:141:Infinity":73,"f:147:9:147:31":9,"s:148:18:148:20":74,"b:150:4:151:Infinity:undefined:undefined:undefined:undefined":33,"s:150:4:151:Infinity":75,"b:150:8:150:33:150:33:150:67":34,"s:151:8:151:Infinity":76,"b:153:4:154:Infinity:undefined:undefined:undefined:undefined":35,"s:153:4:154:Infinity":77,"b:153:8:153:32:153:32:153:65":36,"s:154:8:154:Infinity":78,"s:157:4:157:Infinity":79,"b:157:30:157:Infinity:157:106:157:Infinity":37,"f:163:9:163:15":10,"b:164:4:164:Infinity:undefined:undefined:undefined:undefined":38,"s:164:4:164:Infinity":80,"s:164:26:164:Infinity":81,"s:166:37:166:Infinity":82,"s:167:4:171:Infinity":83,"b:171:16:171:27:171:27:171:Infinity":39,"f:179:9:179:19":11,"b:180:4:180:Infinity:undefined:undefined:undefined:undefined":40,"s:180:4:180:Infinity":84,"s:180:30:180:Infinity":85,"s:182:106:182:Infinity":86,"s:183:18:183:20":87,"b:185:4:185:Infinity:undefined:undefined:undefined:undefined":41,"s:185:4:185:Infinity":88,"s:185:19:185:Infinity":89,"b:186:4:186:Infinity:undefined:undefined:undefined:undefined":42,"s:186:4:186:Infinity":90,"s:186:22:186:Infinity":91,"b:187:4:187:Infinity:undefined:undefined:undefined:undefined":43,"s:187:4:187:Infinity":92,"s:187:16:187:Infinity":93,"b:188:4:188:Infinity:undefined:undefined:undefined:undefined":44,"s:188:4:188:Infinity":94,"s:188:18:188:Infinity":95,"b:189:4:189:Infinity:undefined:undefined:undefined:undefined":45,"s:189:4:189:Infinity":96,"s:189:19:189:Infinity":97,"b:190:4:190:Infinity:undefined:undefined:undefined:undefined":46,"s:190:4:190:Infinity":98,"s:190:21:190:Infinity":99,"b:191:4:191:Infinity:undefined:undefined:undefined:undefined":47,"s:191:4:191:Infinity":100,"s:191:17:191:Infinity":101,"b:192:4:192:Infinity:undefined:undefined:undefined:undefined":48,"s:192:4:192:Infinity":102,"s:192:23:192:Infinity":103,"s:194:4:194:Infinity":104,"f:200:9:200:18":12,"b:201:4:201:Infinity:undefined:undefined:undefined:undefined":49,"s:201:4:201:Infinity":105,"s:201:29:201:Infinity":106,"s:203:4:203:Infinity":107,"f:209:9:209:20":13,"b:210:4:210:Infinity:undefined:undefined:undefined:undefined":50,"s:210:4:210:Infinity":108,"s:210:31:210:Infinity":109,"s:212:4:212:Infinity":110,"f:218:9:218:18":14,"b:219:4:219:Infinity:undefined:undefined:undefined:undefined":51,"s:219:4:219:Infinity":111,"s:219:29:219:Infinity":112,"s:221:4:221:Infinity":113,"f:227:9:227:21":15,"b:228:4:228:Infinity:undefined:undefined:undefined:undefined":52,"s:228:4:228:Infinity":114,"b:228:8:228:34:228:34:228:70":53,"s:228:70:228:Infinity":115,"s:230:4:230:Infinity":116,"f:236:9:236:20":16,"b:237:4:237:Infinity:undefined:undefined:undefined:undefined":54,"s:237:4:237:Infinity":117,"b:237:8:237:33:237:33:237:68":55,"s:237:68:237:Infinity":118,"s:239:4:239:Infinity":119,"f:245:9:245:32":17,"b:246:4:246:Infinity:undefined:undefined:undefined:undefined":56,"s:246:4:246:Infinity":120,"s:246:43:246:Infinity":121,"s:248:4:248:Infinity":122}}}
,"/Users/paulgilchrist/Source/dnd-tools/src/components/common/MonsterAbilityScores.jsx": {"path":"/Users/paulgilchrist/Source/dnd-tools/src/components/common/MonsterAbilityScores.jsx","statementMap":{"0":{"start":{"line":7,"column":4},"end":{"line":8,"column":null}},"1":{"start":{"line":8,"column":8},"end":{"line":8,"column":null}},"2":{"start":{"line":11,"column":22},"end":{"line":18,"column":null}},"3":{"start":{"line":20,"column":4},"end":{"line":32,"column":null}},"4":{"start":{"line":23,"column":30},"end":{"line":23,"column":null}},"5":{"start":{"line":24,"column":33},"end":{"line":24,"column":null}},"6":{"start":{"line":25,"column":16},"end":{"line":29,"column":null}}},"fnMap":{"0":{"name":"MonsterAbilityScores","decl":{"start":{"line":6,"column":9},"end":{"line":6,"column":30}},"loc":{"start":{"line":6,"column":43},"end":{"line":32,"column":null}},"line":6},"1":{"name":"(anonymous_1)","decl":{"start":{"line":22,"column":24},"end":{"line":22,"column":29}},"loc":{"start":{"line":22,"column":41},"end":{"line":29,"column":null}},"line":22}},"branchMap":{"0":{"loc":{"start":{"line":7,"column":4},"end":{"line":8,"column":null}},"type":"if","locations":[{"start":{"line":7,"column":4},"end":{"line":8,"column":null}},{"start":{},"end":{}}],"line":7},"1":{"loc":{"start":{"line":7,"column":8},"end":{"line":7,"column":44}},"type":"binary-expr","locations":[{"start":{"line":7,"column":8},"end":{"line":7,"column":20}},{"start":{"line":7,"column":20},"end":{"line":7,"column":44}}],"line":7},"2":{"loc":{"start":{"line":24,"column":33},"end":{"line":24,"column":null}},"type":"binary-expr","locations":[{"start":{"line":24,"column":33},"end":{"line":24,"column":81}},{"start":{"line":24,"column":81},"end":{"line":24,"column":null}}],"line":24},"3":{"loc":{"start":{"line":28,"column":40},"end":{"line":28,"column":65}},"type":"cond-expr","locations":[{"start":{"line":28,"column":55},"end":{"line":28,"column":61}},{"start":{"line":28,"column":61},"end":{"line":28,"column":65}}],"line":28}},"s":{"0":10,"1":2,"2":8,"3":8,"4":48,"5":48,"6":48},"f":{"0":10,"1":48},"b":{"0":[2,8],"1":[10,9],"2":[48,17],"3":[25,23]},"meta":{"lastBranch":4,"lastFunction":2,"lastStatement":7,"seen":{"f:6:9:6:30":0,"b:7:4:8:Infinity:undefined:undefined:undefined:undefined":0,"s:7:4:8:Infinity":0,"b:7:8:7:20:7:20:7:44":1,"s:8:8:8:Infinity":1,"s:11:22:18:Infinity":2,"s:20:4:32:Infinity":3,"f:22:24:22:29":1,"s:23:30:23:Infinity":4,"s:24:33:24:Infinity":5,"b:24:33:24:81:24:81:24:Infinity":2,"s:25:16:29:Infinity":6,"b:28:55:28:61:28:61:28:65":3}}}
,"/Users/paulgilchrist/Source/dnd-tools/src/components/common/MonsterActions.jsx": {"path":"/Users/paulgilchrist/Source/dnd-tools/src/components/common/MonsterActions.jsx","statementMap":{"0":{"start":{"line":10,"column":4},"end":{"line":11,"column":null}},"1":{"start":{"line":11,"column":8},"end":{"line":11,"column":null}},"2":{"start":{"line":14,"column":16},"end":{"line":14,"column":18}},"3":{"start":{"line":15,"column":4},"end":{"line":20,"column":null}},"4":{"start":{"line":16,"column":8},"end":{"line":16,"column":null}},"5":{"start":{"line":17,"column":17},"end":{"line":20,"column":null}},"6":{"start":{"line":18,"column":8},"end":{"line":18,"column":null}},"7":{"start":{"line":19,"column":17},"end":{"line":20,"column":null}},"8":{"start":{"line":20,"column":8},"end":{"line":20,"column":null}},"9":{"start":{"line":23,"column":4},"end":{"line":24,"column":null}},"10":{"start":{"line":24,"column":8},"end":{"line":24,"column":null}},"11":{"start":{"line":27,"column":4},"end":{"line":64,"column":null}},"12":{"start":{"line":30,"column":18},"end":{"line":62,"column":null}}},"fnMap":{"0":{"name":"MonsterActions","decl":{"start":{"line":9,"column":9},"end":{"line":9,"column":24}},"loc":{"start":{"line":9,"column":62},"end":{"line":64,"column":null}},"line":9},"1":{"name":"(anonymous_1)","decl":{"start":{"line":29,"column":21},"end":{"line":29,"column":26}},"loc":{"start":{"line":30,"column":18},"end":{"line":62,"column":null}},"line":30}},"branchMap":{"0":{"loc":{"start":{"line":9,"column":35},"end":{"line":9,"column":62}},"type":"default-arg","locations":[{"start":{"line":9,"column":49},"end":{"line":9,"column":62}}],"line":9},"1":{"loc":{"start":{"line":10,"column":4},"end":{"line":11,"column":null}},"type":"if","locations":[{"start":{"line":10,"column":4},"end":{"line":11,"column":null}},{"start":{},"end":{}}],"line":10},"2":{"loc":{"start":{"line":15,"column":4},"end":{"line":20,"column":null}},"type":"if","locations":[{"start":{"line":15,"column":4},"end":{"line":20,"column":null}},{"start":{"line":17,"column":17},"end":{"line":20,"column":null}}],"line":15},"3":{"loc":{"start":{"line":16,"column":16},"end":{"line":16,"column":37}},"type":"binary-expr","locations":[{"start":{"line":16,"column":16},"end":{"line":16,"column":35}},{"start":{"line":16,"column":35},"end":{"line":16,"column":37}}],"line":16},"4":{"loc":{"start":{"line":17,"column":17},"end":{"line":20,"column":null}},"type":"if","locations":[{"start":{"line":17,"column":17},"end":{"line":20,"column":null}},{"start":{"line":19,"column":17},"end":{"line":20,"column":null}}],"line":17},"5":{"loc":{"start":{"line":18,"column":16},"end":{"line":18,"column":36}},"type":"binary-expr","locations":[{"start":{"line":18,"column":16},"end":{"line":18,"column":34}},{"start":{"line":18,"column":34},"end":{"line":18,"column":36}}],"line":18},"6":{"loc":{"start":{"line":19,"column":17},"end":{"line":20,"column":null}},"type":"if","locations":[{"start":{"line":19,"column":17},"end":{"line":20,"column":null}},{"start":{},"end":{}}],"line":19},"7":{"loc":{"start":{"line":20,"column":16},"end":{"line":20,"column":41}},"type":"binary-expr","locations":[{"start":{"line":20,"column":16},"end":{"line":20,"column":39}},{"start":{"line":20,"column":39},"end":{"line":20,"column":41}}],"line":20},"8":{"loc":{"start":{"line":23,"column":4},"end":{"line":24,"column":null}},"type":"if","locations":[{"start":{"line":23,"column":4},"end":{"line":24,"column":null}},{"start":{},"end":{}}],"line":23},"9":{"loc":{"start":{"line":34,"column":27},"end":{"line":35,"column":null}},"type":"binary-expr","locations":[{"start":{"line":34,"column":27},"end":{"line":34,"column":41}},{"start":{"line":34,"column":41},"end":{"line":34,"column":null}},{"start":{"line":35,"column":30},"end":{"line":35,"column":null}}],"line":34},"10":{"loc":{"start":{"line":37,"column":27},"end":{"line":38,"column":null}},"type":"binary-expr","locations":[{"start":{"line":37,"column":27},"end":{"line":37,"column":41}},{"start":{"line":37,"column":41},"end":{"line":37,"column":null}},{"start":{"line":38,"column":30},"end":{"line":38,"column":null}}],"line":37},"11":{"loc":{"start":{"line":41,"column":27},"end":{"line":42,"column":null}},"type":"binary-expr","locations":[{"start":{"line":41,"column":27},"end":{"line":41,"column":44}},{"start":{"line":41,"column":44},"end":{"line":41,"column":null}},{"start":{"line":42,"column":30},"end":{"line":42,"column":null}}],"line":41},"12":{"loc":{"start":{"line":44,"column":27},"end":{"line":45,"column":null}},"type":"binary-expr","locations":[{"start":{"line":44,"column":27},"end":{"line":44,"column":null}},{"start":{"line":45,"column":30},"end":{"line":45,"column":null}}],"line":44},"13":{"loc":{"start":{"line":49,"column":23},"end":{"line":49,"column":null}},"type":"binary-expr","locations":[{"start":{"line":49,"column":23},"end":{"line":49,"column":49}},{"start":{"line":49,"column":49},"end":{"line":49,"column":null}}],"line":49},"14":{"loc":{"start":{"line":51,"column":23},"end":{"line":54,"column":null}},"type":"binary-expr","locations":[{"start":{"line":51,"column":23},"end":{"line":51,"column":null}},{"start":{"line":52,"column":26},"end":{"line":54,"column":null}}],"line":51},"15":{"loc":{"start":{"line":53,"column":56},"end":{"line":53,"column":83}},"type":"binary-expr","locations":[{"start":{"line":53,"column":56},"end":{"line":53,"column":75}},{"start":{"line":53,"column":75},"end":{"line":53,"column":83}}],"line":53},"16":{"loc":{"start":{"line":53,"column":88},"end":{"line":53,"column":null}},"type":"binary-expr","locations":[{"start":{"line":53,"column":88},"end":{"line":53,"column":103}},{"start":{"line":53,"column":103},"end":{"line":53,"column":null}}],"line":53},"17":{"loc":{"start":{"line":56,"column":23},"end":{"line":59,"column":null}},"type":"binary-expr","locations":[{"start":{"line":56,"column":23},"end":{"line":56,"column":null}},{"start":{"line":57,"column":26},"end":{"line":59,"column":null}}],"line":56}},"s":{"0":18,"1":1,"2":17,"3":17,"4":13,"5":4,"6":2,"7":2,"8":2,"9":17,"10":4,"11":13,"12":15},"f":{"0":18,"1":15},"b":{"0":[18],"1":[1,17],"2":[13,4],"3":[13,1],"4":[2,2],"5":[2,0],"6":[2,0],"7":[2,0],"8":[4,13],"9":[15,2,1],"10":[15,2,1],"11":[15,2,1],"12":[15,1],"13":[15,14],"14":[15,1],"15":[1,0],"16":[1,0],"17":[15,1]},"meta":{"lastBranch":18,"lastFunction":2,"lastStatement":13,"seen":{"f:9:9:9:24":0,"b:9:49:9:62":0,"b:10:4:11:Infinity:undefined:undefined:undefined:undefined":1,"s:10:4:11:Infinity":0,"s:11:8:11:Infinity":1,"s:14:16:14:18":2,"b:15:4:20:Infinity:17:17:20:Infinity":2,"s:15:4:20:Infinity":3,"s:16:8:16:Infinity":4,"b:16:16:16:35:16:35:16:37":3,"b:17:17:20:Infinity:19:17:20:Infinity":4,"s:17:17:20:Infinity":5,"s:18:8:18:Infinity":6,"b:18:16:18:34:18:34:18:36":5,"b:19:17:20:Infinity:undefined:undefined:undefined:undefined":6,"s:19:17:20:Infinity":7,"s:20:8:20:Infinity":8,"b:20:16:20:39:20:39:20:41":7,"b:23:4:24:Infinity:undefined:undefined:undefined:undefined":8,"s:23:4:24:Infinity":9,"s:24:8:24:Infinity":10,"s:27:4:64:Infinity":11,"f:29:21:29:26":1,"s:30:18:62:Infinity":12,"b:34:27:34:41:34:41:34:Infinity:35:30:35:Infinity":9,"b:37:27:37:41:37:41:37:Infinity:38:30:38:Infinity":10,"b:41:27:41:44:41:44:41:Infinity:42:30:42:Infinity":11,"b:44:27:44:Infinity:45:30:45:Infinity":12,"b:49:23:49:49:49:49:49:Infinity":13,"b:51:23:51:Infinity:52:26:54:Infinity":14,"b:53:56:53:75:53:75:53:83":15,"b:53:88:53:103:53:103:53:Infinity":16,"b:56:23:56:Infinity:57:26:59:Infinity":17}}}
,"/Users/paulgilchrist/Source/dnd-tools/src/components/common/MonsterDefenses.jsx": {"path":"/Users/paulgilchrist/Source/dnd-tools/src/components/common/MonsterDefenses.jsx","statementMap":{"0":{"start":{"line":9,"column":4},"end":{"line":10,"column":null}},"1":{"start":{"line":10,"column":8},"end":{"line":10,"column":null}},"2":{"start":{"line":13,"column":10},"end":{"line":27,"column":null}},"3":{"start":{"line":14,"column":8},"end":{"line":14,"column":null}},"4":{"start":{"line":14,"column":85},"end":{"line":14,"column":null}},"5":{"start":{"line":15,"column":24},"end":{"line":15,"column":60}},"6":{"start":{"line":16,"column":27},"end":{"line":23,"column":null}},"7":{"start":{"line":24,"column":8},"end":{"line":27,"column":null}},"8":{"start":{"line":25,"column":32},"end":{"line":25,"column":68}},"9":{"start":{"line":26,"column":12},"end":{"line":26,"column":null}},"10":{"start":{"line":30,"column":10},"end":{"line":53,"column":null}},"11":{"start":{"line":31,"column":8},"end":{"line":31,"column":null}},"12":{"start":{"line":31,"column":73},"end":{"line":31,"column":null}},"13":{"start":{"line":32,"column":24},"end":{"line":32,"column":54}},"14":{"start":{"line":33,"column":25},"end":{"line":49,"column":null}},"15":{"start":{"line":50,"column":8},"end":{"line":53,"column":null}},"16":{"start":{"line":51,"column":30},"end":{"line":51,"column":108}},"17":{"start":{"line":51,"column":92},"end":{"line":51,"column":107}},"18":{"start":{"line":52,"column":12},"end":{"line":52,"column":null}},"19":{"start":{"line":56,"column":10},"end":{"line":74,"column":null}},"20":{"start":{"line":57,"column":8},"end":{"line":57,"column":null}},"21":{"start":{"line":57,"column":73},"end":{"line":57,"column":null}},"22":{"start":{"line":58,"column":21},"end":{"line":58,"column":null}},"23":{"start":{"line":59,"column":8},"end":{"line":60,"column":null}},"24":{"start":{"line":60,"column":12},"end":{"line":60,"column":null}},"25":{"start":{"line":62,"column":8},"end":{"line":63,"column":null}},"26":{"start":{"line":63,"column":12},"end":{"line":63,"column":null}},"27":{"start":{"line":65,"column":8},"end":{"line":66,"column":null}},"28":{"start":{"line":66,"column":12},"end":{"line":66,"column":null}},"29":{"start":{"line":68,"column":8},"end":{"line":69,"column":null}},"30":{"start":{"line":69,"column":12},"end":{"line":69,"column":null}},"31":{"start":{"line":71,"column":8},"end":{"line":72,"column":null}},"32":{"start":{"line":72,"column":12},"end":{"line":72,"column":null}},"33":{"start":{"line":74,"column":8},"end":{"line":74,"column":null}},"34":{"start":{"line":77,"column":10},"end":{"line":78,"column":null}},"35":{"start":{"line":78,"column":8},"end":{"line":78,"column":null}},"36":{"start":{"line":81,"column":10},"end":{"line":82,"column":null}},"37":{"start":{"line":82,"column":8},"end":{"line":82,"column":null}},"38":{"start":{"line":85,"column":4},"end":{"line":178,"column":null}}},"fnMap":{"0":{"name":"MonsterDefenses","decl":{"start":{"line":8,"column":9},"end":{"line":8,"column":25}},"loc":{"start":{"line":8,"column":38},"end":{"line":178,"column":null}},"line":8},"1":{"name":"(anonymous_1)","decl":{"start":{"line":13,"column":10},"end":{"line":13,"column":34}},"loc":{"start":{"line":13,"column":34},"end":{"line":27,"column":null}},"line":13},"2":{"name":"(anonymous_2)","decl":{"start":{"line":24,"column":23},"end":{"line":24,"column":28}},"loc":{"start":{"line":24,"column":45},"end":{"line":27,"column":12}},"line":24},"3":{"name":"(anonymous_3)","decl":{"start":{"line":30,"column":10},"end":{"line":30,"column":28}},"loc":{"start":{"line":30,"column":28},"end":{"line":53,"column":null}},"line":30},"4":{"name":"(anonymous_4)","decl":{"start":{"line":50,"column":23},"end":{"line":50,"column":28}},"loc":{"start":{"line":50,"column":45},"end":{"line":53,"column":12}},"line":50},"5":{"name":"(anonymous_5)","decl":{"start":{"line":51,"column":78},"end":{"line":51,"column":87}},"loc":{"start":{"line":51,"column":92},"end":{"line":51,"column":107}},"line":51},"6":{"name":"(anonymous_6)","decl":{"start":{"line":56,"column":10},"end":{"line":56,"column":28}},"loc":{"start":{"line":56,"column":28},"end":{"line":74,"column":null}},"line":56},"7":{"name":"(anonymous_7)","decl":{"start":{"line":77,"column":10},"end":{"line":77,"column":34}},"loc":{"start":{"line":77,"column":34},"end":{"line":78,"column":null}},"line":77},"8":{"name":"(anonymous_8)","decl":{"start":{"line":81,"column":10},"end":{"line":81,"column":28}},"loc":{"start":{"line":81,"column":28},"end":{"line":82,"column":null}},"line":81}},"branchMap":{"0":{"loc":{"start":{"line":9,"column":4},"end":{"line":10,"column":null}},"type":"if","locations":[{"start":{"line":9,"column":4},"end":{"line":10,"column":null}},{"start":{},"end":{}}],"line":9},"1":{"loc":{"start":{"line":14,"column":8},"end":{"line":14,"column":null}},"type":"if","locations":[{"start":{"line":14,"column":8},"end":{"line":14,"column":null}},{"start":{},"end":{}}],"line":14},"2":{"loc":{"start":{"line":14,"column":12},"end":{"line":14,"column":85}},"type":"binary-expr","locations":[{"start":{"line":14,"column":12},"end":{"line":14,"column":37}},{"start":{"line":14,"column":37},"end":{"line":14,"column":85}}],"line":14},"3":{"loc":{"start":{"line":25,"column":32},"end":{"line":25,"column":68}},"type":"binary-expr","locations":[{"start":{"line":25,"column":32},"end":{"line":25,"column":51}},{"start":{"line":25,"column":51},"end":{"line":25,"column":68}}],"line":25},"4":{"loc":{"start":{"line":31,"column":8},"end":{"line":31,"column":null}},"type":"if","locations":[{"start":{"line":31,"column":8},"end":{"line":31,"column":null}},{"start":{},"end":{}}],"line":31},"5":{"loc":{"start":{"line":31,"column":12},"end":{"line":31,"column":73}},"type":"binary-expr","locations":[{"start":{"line":31,"column":12},"end":{"line":31,"column":31}},{"start":{"line":31,"column":31},"end":{"line":31,"column":73}}],"line":31},"6":{"loc":{"start":{"line":51,"column":30},"end":{"line":51,"column":108}},"type":"binary-expr","locations":[{"start":{"line":51,"column":30},"end":{"line":51,"column":47}},{"start":{"line":51,"column":47},"end":{"line":51,"column":108}}],"line":51},"7":{"loc":{"start":{"line":57,"column":8},"end":{"line":57,"column":null}},"type":"if","locations":[{"start":{"line":57,"column":8},"end":{"line":57,"column":null}},{"start":{},"end":{}}],"line":57},"8":{"loc":{"start":{"line":57,"column":12},"end":{"line":57,"column":73}},"type":"binary-expr","locations":[{"start":{"line":57,"column":12},"end":{"line":57,"column":31}},{"start":{"line":57,"column":31},"end":{"line":57,"column":73}}],"line":57},"9":{"loc":{"start":{"line":59,"column":8},"end":{"line":60,"column":null}},"type":"if","locations":[{"start":{"line":59,"column":8},"end":{"line":60,"column":null}},{"start":{},"end":{}}],"line":59},"10":{"loc":{"start":{"line":62,"column":8},"end":{"line":63,"column":null}},"type":"if","locations":[{"start":{"line":62,"column":8},"end":{"line":63,"column":null}},{"start":{},"end":{}}],"line":62},"11":{"loc":{"start":{"line":65,"column":8},"end":{"line":66,"column":null}},"type":"if","locations":[{"start":{"line":65,"column":8},"end":{"line":66,"column":null}},{"start":{},"end":{}}],"line":65},"12":{"loc":{"start":{"line":68,"column":8},"end":{"line":69,"column":null}},"type":"if","locations":[{"start":{"line":68,"column":8},"end":{"line":69,"column":null}},{"start":{},"end":{}}],"line":68},"13":{"loc":{"start":{"line":71,"column":8},"end":{"line":72,"column":null}},"type":"if","locations":[{"start":{"line":71,"column":8},"end":{"line":72,"column":null}},{"start":{},"end":{}}],"line":71},"14":{"loc":{"start":{"line":78,"column":15},"end":{"line":78,"column":null}},"type":"binary-expr","locations":[{"start":{"line":78,"column":15},"end":{"line":78,"column":39}},{"start":{"line":78,"column":39},"end":{"line":78,"column":null}}],"line":78},"15":{"loc":{"start":{"line":82,"column":15},"end":{"line":82,"column":null}},"type":"binary-expr","locations":[{"start":{"line":82,"column":15},"end":{"line":82,"column":33}},{"start":{"line":82,"column":33},"end":{"line":82,"column":null}}],"line":82},"16":{"loc":{"start":{"line":87,"column":15},"end":{"line":90,"column":null}},"type":"binary-expr","locations":[{"start":{"line":87,"column":15},"end":{"line":87,"column":32}},{"start":{"line":88,"column":18},"end":{"line":90,"column":null}}],"line":87},"17":{"loc":{"start":{"line":92,"column":15},"end":{"line":95,"column":null}},"type":"binary-expr","locations":[{"start":{"line":92,"column":15},"end":{"line":92,"column":26}},{"start":{"line":93,"column":18},"end":{"line":95,"column":null}}],"line":92},"18":{"loc":{"start":{"line":97,"column":15},"end":{"line":100,"column":null}},"type":"binary-expr","locations":[{"start":{"line":97,"column":15},"end":{"line":97,"column":46}},{"start":{"line":97,"column":46},"end":{"line":97,"column":null}},{"start":{"line":98,"column":18},"end":{"line":100,"column":null}}],"line":97},"19":{"loc":{"start":{"line":102,"column":15},"end":{"line":105,"column":null}},"type":"binary-expr","locations":[{"start":{"line":102,"column":15},"end":{"line":102,"column":43}},{"start":{"line":102,"column":43},"end":{"line":102,"column":null}},{"start":{"line":103,"column":18},"end":{"line":105,"column":null}}],"line":102},"20":{"loc":{"start":{"line":107,"column":15},"end":{"line":110,"column":null}},"type":"binary-expr","locations":[{"start":{"line":107,"column":15},"end":{"line":107,"column":44}},{"start":{"line":107,"column":44},"end":{"line":107,"column":null}},{"start":{"line":108,"column":18},"end":{"line":110,"column":null}}],"line":107},"21":{"loc":{"start":{"line":112,"column":15},"end":{"line":115,"column":null}},"type":"binary-expr","locations":[{"start":{"line":112,"column":15},"end":{"line":112,"column":48}},{"start":{"line":112,"column":48},"end":{"line":112,"column":null}},{"start":{"line":113,"column":18},"end":{"line":115,"column":null}}],"line":112},"22":{"loc":{"start":{"line":117,"column":15},"end":{"line":120,"column":null}},"type":"binary-expr","locations":[{"start":{"line":117,"column":15},"end":{"line":117,"column":37}},{"start":{"line":117,"column":37},"end":{"line":117,"column":null}},{"start":{"line":118,"column":18},"end":{"line":120,"column":null}}],"line":117},"23":{"loc":{"start":{"line":122,"column":15},"end":{"line":125,"column":null}},"type":"binary-expr","locations":[{"start":{"line":122,"column":15},"end":{"line":122,"column":42}},{"start":{"line":122,"column":42},"end":{"line":122,"column":null}},{"start":{"line":123,"column":18},"end":{"line":125,"column":null}}],"line":122},"24":{"loc":{"start":{"line":127,"column":15},"end":{"line":130,"column":null}},"type":"binary-expr","locations":[{"start":{"line":127,"column":15},"end":{"line":127,"column":38}},{"start":{"line":127,"column":38},"end":{"line":127,"column":null}},{"start":{"line":128,"column":18},"end":{"line":130,"column":null}}],"line":127},"25":{"loc":{"start":{"line":135,"column":15},"end":{"line":138,"column":null}},"type":"binary-expr","locations":[{"start":{"line":135,"column":15},"end":{"line":135,"column":null}},{"start":{"line":136,"column":18},"end":{"line":138,"column":null}}],"line":135},"26":{"loc":{"start":{"line":140,"column":15},"end":{"line":143,"column":null}},"type":"binary-expr","locations":[{"start":{"line":140,"column":15},"end":{"line":140,"column":39}},{"start":{"line":140,"column":39},"end":{"line":140,"column":null}},{"start":{"line":141,"column":18},"end":{"line":143,"column":null}}],"line":140},"27":{"loc":{"start":{"line":145,"column":15},"end":{"line":148,"column":null}},"type":"binary-expr","locations":[{"start":{"line":145,"column":15},"end":{"line":145,"column":33}},{"start":{"line":145,"column":33},"end":{"line":145,"column":null}},{"start":{"line":146,"column":18},"end":{"line":148,"column":null}}],"line":145},"28":{"loc":{"start":{"line":150,"column":15},"end":{"line":153,"column":null}},"type":"binary-expr","locations":[{"start":{"line":150,"column":15},"end":{"line":150,"column":34}},{"start":{"line":150,"column":34},"end":{"line":150,"column":null}},{"start":{"line":151,"column":18},"end":{"line":153,"column":null}}],"line":150},"29":{"loc":{"start":{"line":155,"column":15},"end":{"line":158,"column":null}},"type":"binary-expr","locations":[{"start":{"line":155,"column":15},"end":{"line":155,"column":null}},{"start":{"line":156,"column":18},"end":{"line":158,"column":null}}],"line":155},"30":{"loc":{"start":{"line":160,"column":15},"end":{"line":163,"column":null}},"type":"binary-expr","locations":[{"start":{"line":160,"column":15},"end":{"line":160,"column":46}},{"start":{"line":160,"column":46},"end":{"line":160,"column":null}},{"start":{"line":161,"column":18},"end":{"line":163,"column":null}}],"line":160},"31":{"loc":{"start":{"line":165,"column":15},"end":{"line":168,"column":null}},"type":"binary-expr","locations":[{"start":{"line":165,"column":15},"end":{"line":165,"column":36}},{"start":{"line":165,"column":36},"end":{"line":165,"column":null}},{"start":{"line":166,"column":18},"end":{"line":168,"column":null}}],"line":165},"32":{"loc":{"start":{"line":170,"column":15},"end":{"line":173,"column":null}},"type":"binary-expr","locations":[{"start":{"line":170,"column":15},"end":{"line":170,"column":null}},{"start":{"line":171,"column":18},"end":{"line":173,"column":null}}],"line":170},"33":{"loc":{"start":{"line":175,"column":15},"end":{"line":178,"column":null}},"type":"binary-expr","locations":[{"start":{"line":175,"column":15},"end":{"line":175,"column":null}},{"start":{"line":176,"column":18},"end":{"line":178,"column":null}}],"line":175}},"s":{"0":47,"1":1,"2":46,"3":39,"4":0,"5":39,"6":39,"7":39,"8":81,"9":81,"10":46,"11":39,"12":0,"13":39,"14":39,"15":39,"16":77,"17":2,"18":77,"19":46,"20":46,"21":2,"22":44,"23":44,"24":2,"25":44,"26":41,"27":44,"28":2,"29":44,"30":2,"31":44,"32":41,"33":44,"34":46,"35":46,"36":46,"37":46,"38":46},"f":{"0":47,"1":39,"2":81,"3":39,"4":77,"5":2,"6":46,"7":46,"8":46},"b":{"0":[1,46],"1":[0,39],"2":[39,39],"3":[81,1],"4":[0,39],"5":[39,39],"6":[77,1],"7":[2,44],"8":[46,45],"9":[2,42],"10":[41,3],"11":[2,42],"12":[2,42],"13":[41,3],"14":[46,39],"15":[46,39],"16":[46,39],"17":[47,39],"18":[47,46,39],"19":[47,46,39],"20":[47,46,39],"21":[47,46,39],"22":[47,2,1],"23":[47,2,1],"24":[47,2,1],"25":[47,39],"26":[47,46,39],"27":[47,2,1],"28":[47,2,1],"29":[47,39],"30":[47,1,1],"31":[47,2,1],"32":[47,1],"33":[47,1]},"meta":{"lastBranch":34,"lastFunction":9,"lastStatement":39,"seen":{"f:8:9:8:25":0,"b:9:4:10:Infinity:undefined:undefined:undefined:undefined":0,"s:9:4:10:Infinity":0,"s:10:8:10:Infinity":1,"s:13:10:27:Infinity":2,"f:13:10:13:34":1,"b:14:8:14:Infinity:undefined:undefined:undefined:undefined":1,"s:14:8:14:Infinity":3,"b:14:12:14:37:14:37:14:85":2,"s:14:85:14:Infinity":4,"s:15:24:15:60":5,"s:16:27:23:Infinity":6,"s:24:8:27:Infinity":7,"f:24:23:24:28":2,"s:25:32:25:68":8,"b:25:32:25:51:25:51:25:68":3,"s:26:12:26:Infinity":9,"s:30:10:53:Infinity":10,"f:30:10:30:28":3,"b:31:8:31:Infinity:undefined:undefined:undefined:undefined":4,"s:31:8:31:Infinity":11,"b:31:12:31:31:31:31:31:73":5,"s:31:73:31:Infinity":12,"s:32:24:32:54":13,"s:33:25:49:Infinity":14,"s:50:8:53:Infinity":15,"f:50:23:50:28":4,"s:51:30:51:108":16,"b:51:30:51:47:51:47:51:108":6,"f:51:78:51:87":5,"s:51:92:51:107":17,"s:52:12:52:Infinity":18,"s:56:10:74:Infinity":19,"f:56:10:56:28":6,"b:57:8:57:Infinity:undefined:undefined:undefined:undefined":7,"s:57:8:57:Infinity":20,"b:57:12:57:31:57:31:57:73":8,"s:57:73:57:Infinity":21,"s:58:21:58:Infinity":22,"b:59:8:60:Infinity:undefined:undefined:undefined:undefined":9,"s:59:8:60:Infinity":23,"s:60:12:60:Infinity":24,"b:62:8:63:Infinity:undefined:undefined:undefined:undefined":10,"s:62:8:63:Infinity":25,"s:63:12:63:Infinity":26,"b:65:8:66:Infinity:undefined:undefined:undefined:undefined":11,"s:65:8:66:Infinity":27,"s:66:12:66:Infinity":28,"b:68:8:69:Infinity:undefined:undefined:undefined:undefined":12,"s:68:8:69:Infinity":29,"s:69:12:69:Infinity":30,"b:71:8:72:Infinity:undefined:undefined:undefined:undefined":13,"s:71:8:72:Infinity":31,"s:72:12:72:Infinity":32,"s:74:8:74:Infinity":33,"s:77:10:78:Infinity":34,"f:77:10:77:34":7,"s:78:8:78:Infinity":35,"b:78:15:78:39:78:39:78:Infinity":14,"s:81:10:82:Infinity":36,"f:81:10:81:28":8,"s:82:8:82:Infinity":37,"b:82:15:82:33:82:33:82:Infinity":15,"s:85:4:178:Infinity":38,"b:87:15:87:32:88:18:90:Infinity":16,"b:92:15:92:26:93:18:95:Infinity":17,"b:97:15:97:46:97:46:97:Infinity:98:18:100:Infinity":18,"b:102:15:102:43:102:43:102:Infinity:103:18:105:Infinity":19,"b:107:15:107:44:107:44:107:Infinity:108:18:110:Infinity":20,"b:112:15:112:48:112:48:112:Infinity:113:18:115:Infinity":21,"b:117:15:117:37:117:37:117:Infinity:118:18:120:Infinity":22,"b:122:15:122:42:122:42:122:Infinity:123:18:125:Infinity":23,"b:127:15:127:38:127:38:127:Infinity:128:18:130:Infinity":24,"b:135:15:135:Infinity:136:18:138:Infinity":25,"b:140:15:140:39:140:39:140:Infinity:141:18:143:Infinity":26,"b:145:15:145:33:145:33:145:Infinity:146:18:148:Infinity":27,"b:150:15:150:34:150:34:150:Infinity:151:18:153:Infinity":28,"b:155:15:155:Infinity:156:18:158:Infinity":29,"b:160:15:160:46:160:46:160:Infinity:161:18:163:Infinity":30,"b:165:15:165:36:165:36:165:Infinity:166:18:168:Infinity":31,"b:170:15:170:Infinity:171:18:173:Infinity":32,"b:175:15:175:Infinity:176:18:178:Infinity":33}}}
,"/Users/paulgilchrist/Source/dnd-tools/src/components/common/MonsterLegendaryActions.jsx": {"path":"/Users/paulgilchrist/Source/dnd-tools/src/components/common/MonsterLegendaryActions.jsx","statementMap":{"0":{"start":{"line":9,"column":4},"end":{"line":10,"column":null}},"1":{"start":{"line":10,"column":8},"end":{"line":10,"column":null}},"2":{"start":{"line":13,"column":4},"end":{"line":23,"column":null}},"3":{"start":{"line":15,"column":51},"end":{"line":15,"column":58}},"4":{"start":{"line":15,"column":122},"end":{"line":15,"column":129}},"5":{"start":{"line":17,"column":19},"end":{"line":21,"column":null}}},"fnMap":{"0":{"name":"MonsterLegendaryActions","decl":{"start":{"line":8,"column":9},"end":{"line":8,"column":33}},"loc":{"start":{"line":8,"column":46},"end":{"line":23,"column":null}},"line":8},"1":{"name":"(anonymous_1)","decl":{"start":{"line":15,"column":41},"end":{"line":15,"column":46}},"loc":{"start":{"line":15,"column":51},"end":{"line":15,"column":58}},"line":15},"2":{"name":"(anonymous_2)","decl":{"start":{"line":15,"column":112},"end":{"line":15,"column":117}},"loc":{"start":{"line":15,"column":122},"end":{"line":15,"column":129}},"line":15},"3":{"name":"(anonymous_3)","decl":{"start":{"line":16,"column":41},"end":{"line":16,"column":46}},"loc":{"start":{"line":17,"column":19},"end":{"line":21,"column":null}},"line":17}},"branchMap":{"0":{"loc":{"start":{"line":9,"column":4},"end":{"line":10,"column":null}},"type":"if","locations":[{"start":{"line":9,"column":4},"end":{"line":10,"column":null}},{"start":{},"end":{}}],"line":9},"1":{"loc":{"start":{"line":9,"column":8},"end":{"line":9,"column":88}},"type":"binary-expr","locations":[{"start":{"line":9,"column":8},"end":{"line":9,"column":20}},{"start":{"line":9,"column":20},"end":{"line":9,"column":49}},{"start":{"line":9,"column":49},"end":{"line":9,"column":88}}],"line":9},"2":{"loc":{"start":{"line":15,"column":16},"end":{"line":15,"column":null}},"type":"cond-expr","locations":[{"start":{"line":15,"column":67},"end":{"line":15,"column":269}},{"start":{"line":15,"column":269},"end":{"line":15,"column":null}}],"line":15},"3":{"loc":{"start":{"line":19,"column":24},"end":{"line":19,"column":null}},"type":"binary-expr","locations":[{"start":{"line":19,"column":24},"end":{"line":19,"column":61}},{"start":{"line":19,"column":61},"end":{"line":19,"column":null}}],"line":19}},"s":{"0":9,"1":3,"2":6,"3":6,"4":4,"5":8},"f":{"0":9,"1":6,"2":4,"3":8},"b":{"0":[3,6],"1":[9,8,7],"2":[4,2],"3":[8,7]},"meta":{"lastBranch":4,"lastFunction":4,"lastStatement":6,"seen":{"f:8:9:8:33":0,"b:9:4:10:Infinity:undefined:undefined:undefined:undefined":0,"s:9:4:10:Infinity":0,"b:9:8:9:20:9:20:9:49:9:49:9:88":1,"s:10:8:10:Infinity":1,"s:13:4:23:Infinity":2,"b:15:67:15:269:15:269:15:Infinity":2,"f:15:41:15:46":1,"s:15:51:15:58":3,"f:15:112:15:117":2,"s:15:122:15:129":4,"f:16:41:16:46":3,"s:17:19:21:Infinity":5,"b:19:24:19:61:19:61:19:Infinity":3}}}
,"/Users/paulgilchrist/Source/dnd-tools/src/components/common/MonsterReactions.jsx": {"path":"/Users/paulgilchrist/Source/dnd-tools/src/components/common/MonsterReactions.jsx","statementMap":{"0":{"start":{"line":9,"column":4},"end":{"line":10,"column":null}},"1":{"start":{"line":10,"column":8},"end":{"line":10,"column":null}},"2":{"start":{"line":13,"column":4},"end":{"line":22,"column":null}},"3":{"start":{"line":16,"column":18},"end":{"line":20,"column":null}}},"fnMap":{"0":{"name":"MonsterReactions","decl":{"start":{"line":8,"column":9},"end":{"line":8,"column":26}},"loc":{"start":{"line":8,"column":39},"end":{"line":22,"column":null}},"line":8},"1":{"name":"(anonymous_1)","decl":{"start":{"line":15,"column":33},"end":{"line":15,"column":38}},"loc":{"start":{"line":16,"column":18},"end":{"line":20,"column":null}},"line":16}},"branchMap":{"0":{"loc":{"start":{"line":9,"column":4},"end":{"line":10,"column":null}},"type":"if","locations":[{"start":{"line":9,"column":4},"end":{"line":10,"column":null}},{"start":{},"end":{}}],"line":9},"1":{"loc":{"start":{"line":9,"column":8},"end":{"line":9,"column":74}},"type":"binary-expr","locations":[{"start":{"line":9,"column":8},"end":{"line":9,"column":20}},{"start":{"line":9,"column":20},"end":{"line":9,"column":42}},{"start":{"line":9,"column":42},"end":{"line":9,"column":74}}],"line":9},"2":{"loc":{"start":{"line":18,"column":23},"end":{"line":18,"column":null}},"type":"binary-expr","locations":[{"start":{"line":18,"column":23},"end":{"line":18,"column":43}},{"start":{"line":18,"column":43},"end":{"line":18,"column":null}}],"line":18},"3":{"loc":{"start":{"line":19,"column":23},"end":{"line":19,"column":null}},"type":"binary-expr","locations":[{"start":{"line":19,"column":23},"end":{"line":19,"column":53}},{"start":{"line":19,"column":53},"end":{"line":19,"column":null}}],"line":19}},"s":{"0":8,"1":3,"2":5,"3":6},"f":{"0":8,"1":6},"b":{"0":[3,5],"1":[8,7,6],"2":[6,5],"3":[6,5]},"meta":{"lastBranch":4,"lastFunction":2,"lastStatement":4,"seen":{"f:8:9:8:26":0,"b:9:4:10:Infinity:undefined:undefined:undefined:undefined":0,"s:9:4:10:Infinity":0,"b:9:8:9:20:9:20:9:42:9:42:9:74":1,"s:10:8:10:Infinity":1,"s:13:4:22:Infinity":2,"f:15:33:15:38":1,"s:16:18:20:Infinity":3,"b:18:23:18:43:18:43:18:Infinity":2,"b:19:23:19:53:19:53:19:Infinity":3}}}
,"/Users/paulgilchrist/Source/dnd-tools/src/components/common/MonsterRegionalEffects.jsx": {"path":"/Users/paulgilchrist/Source/dnd-tools/src/components/common/MonsterRegionalEffects.jsx","statementMap":{"0":{"start":{"line":9,"column":4},"end":{"line":10,"column":null}},"1":{"start":{"line":10,"column":8},"end":{"line":10,"column":null}},"2":{"start":{"line":13,"column":4},"end":{"line":33,"column":null}},"3":{"start":{"line":23,"column":28},"end":{"line":25,"column":null}}},"fnMap":{"0":{"name":"MonsterRegionalEffects","decl":{"start":{"line":8,"column":9},"end":{"line":8,"column":32}},"loc":{"start":{"line":8,"column":45},"end":{"line":33,"column":null}},"line":8},"1":{"name":"(anonymous_1)","decl":{"start":{"line":22,"column":57},"end":{"line":22,"column":62}},"loc":{"start":{"line":23,"column":28},"end":{"line":25,"column":null}},"line":23}},"branchMap":{"0":{"loc":{"start":{"line":9,"column":4},"end":{"line":10,"column":null}},"type":"if","locations":[{"start":{"line":9,"column":4},"end":{"line":10,"column":null}},{"start":{},"end":{}}],"line":9},"1":{"loc":{"start":{"line":9,"column":8},"end":{"line":9,"column":46}},"type":"binary-expr","locations":[{"start":{"line":9,"column":8},"end":{"line":9,"column":20}},{"start":{"line":9,"column":20},"end":{"line":9,"column":46}}],"line":9},"2":{"loc":{"start":{"line":16,"column":17},"end":{"line":17,"column":null}},"type":"binary-expr","locations":[{"start":{"line":16,"column":17},"end":{"line":16,"column":null}},{"start":{"line":17,"column":20},"end":{"line":17,"column":null}}],"line":16},"3":{"loc":{"start":{"line":20,"column":17},"end":{"line":27,"column":null}},"type":"binary-expr","locations":[{"start":{"line":20,"column":17},"end":{"line":20,"column":52}},{"start":{"line":20,"column":52},"end":{"line":20,"column":null}},{"start":{"line":21,"column":20},"end":{"line":27,"column":null}}],"line":20},"4":{"loc":{"start":{"line":29,"column":17},"end":{"line":30,"column":null}},"type":"binary-expr","locations":[{"start":{"line":29,"column":17},"end":{"line":29,"column":null}},{"start":{"line":30,"column":20},"end":{"line":30,"column":null}}],"line":29}},"s":{"0":11,"1":2,"2":9,"3":15},"f":{"0":11,"1":15},"b":{"0":[2,9],"1":[11,10],"2":[9,7],"3":[11,8,7],"4":[11,7]},"meta":{"lastBranch":5,"lastFunction":2,"lastStatement":4,"seen":{"f:8:9:8:32":0,"b:9:4:10:Infinity:undefined:undefined:undefined:undefined":0,"s:9:4:10:Infinity":0,"b:9:8:9:20:9:20:9:46":1,"s:10:8:10:Infinity":1,"s:13:4:33:Infinity":2,"b:16:17:16:Infinity:17:20:17:Infinity":2,"b:20:17:20:52:20:52:20:Infinity:21:20:27:Infinity":3,"f:
[...]
,"/Users/paulgilchrist/Source/dnd-tools/src/hooks/useSpellPersistence.js": {"path":"/Users/paulgilchrist/Source/dnd-tools/src/hooks/useSpellPersistence.js","statementMap":{"0":{"start":{"line":5,"column":24},"end":{"line":5,"column":54}},"1":{"start":{"line":6,"column":27},"end":{"line":6,"column":60}},"2":{"start":{"line":9,"column":4},"end":{"line":19,"column":null}},"3":{"start":{"line":10,"column":14},"end":{"line":10,"column":84}},"4":{"start":{"line":11,"column":8},"end":{"line":12,"column":null}},"5":{"start":{"line":12,"column":12},"end":{"line":12,"column":null}},"6":{"start":{"line":15,"column":14},"end":{"line":15,"column":90}},"7":{"start":{"line":16,"column":8},"end":{"line":17,"column":null}},"8":{"start":{"line":17,"column":12},"end":{"line":17,"column":null}},"9":{"start":{"line":21,"column":10},"end":{"line":26,"column":null}},"10":{"start":{"line":22,"column":28},"end":{"line":24,"column":39}},"11":{"start":{"line":23,"column":30},"end":{"line":23,"column":51}},"12":{"start":{"line":24,"column":27},"end":{"line":24,"column":39}},"13":{"start":{"line":25,"column":8},"end":{"line":25,"column":null}},"14":{"start":{"line":26,"column":8},"end":{"line":26,"column":null}},"15":{"start":{"line":29,"column":10},"end":{"line":34,"column":null}},"16":{"start":{"line":30,"column":31},"end":{"line":32,"column":39}},"17":{"start":{"line":31,"column":30},"end":{"line":31,"column":54}},"18":{"start":{"line":32,"column":27},"end":{"line":32,"column":39}},"19":{"start":{"line":33,"column":8},"end":{"line":33,"column":null}},"20":{"start":{"line":34,"column":8},"end":{"line":34,"column":null}},"21":{"start":{"line":37,"column":10},"end":{"line":46,"column":null}},"22":{"start":{"line":39,"column":8},"end":{"line":42,"column":null}},"23":{"start":{"line":40,"column":12},"end":{"line":40,"column":null}},"24":{"start":{"line":42,"column":12},"end":{"line":42,"column":null}},"25":{"start":{"line":42,"column":50},"end":{"line":42,"column":62}},"26":{"start":{"line":44,"column":8},"end":{"line":44,"column":null}},"27":{"start":{"line":45,"column":8},"end":{"line":45,"column":null}},"28":{"start":{"line":46,"column":8},"end":{"line":46,"column":null}},"29":{"start":{"line":49,"column":10},"end":{"line":58,"column":null}},"30":{"start":{"line":51,"column":8},"end":{"line":54,"column":null}},"31":{"start":{"line":52,"column":12},"end":{"line":52,"column":null}},"32":{"start":{"line":54,"column":12},"end":{"line":54,"column":null}},"33":{"start":{"line":54,"column":56},"end":{"line":54,"column":68}},"34":{"start":{"line":56,"column":8},"end":{"line":56,"column":null}},"35":{"start":{"line":57,"column":8},"end":{"line":57,"column":null}},"36":{"start":{"line":58,"column":8},"end":{"line":58,"column":null}},"37":{"start":{"line":61,"column":10},"end":{"line":64,"column":null}},"38":{"start":{"line":62,"column":28},"end":{"line":62,"column":51}},"39":{"start":{"line":63,"column":8},"end":{"line":63,"column":null}},"40":{"start":{"line":64,"column":8},"end":{"line":64,"column":null}},"41":{"start":{"line":67,"column":10},"end":{"line":70,"column":null}},"42":{"start":{"line":68,"column":28},"end":{"line":68,"column":64}},"43":{"start":{"line":68,"column":52},"end":{"line":68,"column":64}},"44":{"start":{"line":69,"column":8},"end":{"line":69,"column":null}},"45":{"start":{"line":70,"column":8},"end":{"line":70,"column":null}},"46":{"start":{"line":73,"column":10},"end":{"line":76,"column":null}},"47":{"start":{"line":74,"column":31},"end":{"line":74,"column":57}},"48":{"start":{"line":75,"column":8},"end":{"line":75,"column":null}},"49":{"start":{"line":76,"column":8},"end":{"line":76,"column":null}},"50":{"start":{"line":79,"column":10},"end":{"line":82,"column":null}},"51":{"start":{"line":80,"column":31},"end":{"line":80,"column":70}},"52":{"start":{"line":80,"column":58},"end":{"line":80,"column":70}},"53":{"start":{"line":81,"column":8},"end":{"line":81,"column":null}},"54":{"start":{"line":82,"column":8},"end":{"line":82,"column":null}},"55":{"start":{"line":85,"column":4},"end":{"line":96,"column":null}}},"fnMap":{"0":{"name":"useSpellPersistence","decl":{"start":{"line":4,"column":16},"end":{"line":4,"column":38}},"loc":{"start":{"line":4,"column":38},"end":{"line":96,"column":null}},"line":4},"1":{"name":"(anonymous_1)","decl":{"start":{"line":9,"column":4},"end":{"line":9,"column":20}},"loc":{"start":{"line":9,"column":20},"end":{"line":19,"column":11}},"line":9},"2":{"name":"(anonymous_2)","decl":{"start":{"line":21,"column":10},"end":{"line":21,"column":23}},"loc":{"start":{"line":21,"column":38},"end":{"line":26,"column":null}},"line":21},"3":{"name":"(anonymous_3)","decl":{"start":{"line":23,"column":14},"end":{"line":23,"column":21}},"loc":{"start":{"line":23,"column":30},"end":{"line":23,"column":51}},"line":23},"4":{"name":"(anonymous_4)","decl":{"start":{"line":24,"column":14},"end":{"line":24,"column":18}},"loc":{"start":{"line":24,"column":27},"end":{"line":24,"column":39}},"line":24},"5":{"name":"(anonymous_5)","decl":{"start":{"line":29,"column":10},"end":{"line":29,"column":26}},"loc":{"start":{"line":29,"column":41},"end":{"line":34,"column":null}},"line":29},"6":{"name":"(anonymous_6)","decl":{"start":{"line":31,"column":14},"end":{"line":31,"column":21}},"loc":{"start":{"line":31,"column":30},"end":{"line":31,"column":54}},"line":31},"7":{"name":"(anonymous_7)","decl":{"start":{"line":32,"column":14},"end":{"line":32,"column":18}},"loc":{"start":{"line":32,"column":27},"end":{"line":32,"column":39}},"line":32},"8":{"name":"(anonymous_8)","decl":{"start":{"line":37,"column":10},"end":{"line":37,"column":25}},"loc":{"start":{"line":37,"column":59},"end":{"line":46,"column":null}},"line":37},"9":{"name":"(anonymous_9)","decl":{"start":{"line":42,"column":38},"end":{"line":42,"column":45}},"loc":{"start":{"line":42,"column":50},"end":{"line":42,"column":62}},"line":42},"10":{"name":"(anonymous_10)","decl":{"start":{"line":49,"column":10},"end":{"line":49,"column":28}},"loc":{"start":{"line":49,"column":65},"end":{"line":58,"column":null}},"line":49},"11":{"name":"(anonymous_11)","decl":{"start":{"line":54,"column":44},"end":{"line":54,"column":51}},"loc":{"start":{"line":54,"column":56},"end":{"line":54,"column":68}},"line":54},"12":{"name":"(anonymous_12)","decl":{"start":{"line":61,"column":10},"end":{"line":61,"column":22}},"loc":{"start":{"line":61,"column":32},"end":{"line":64,"column":null}},"line":61},"13":{"name":"(anonymous_13)","decl":{"start":{"line":67,"column":10},"end":{"line":67,"column":25}},"loc":{"start":{"line":67,"column":35},"end":{"line":70,"column":null}},"line":67},"14":{"name":"(anonymous_14)","decl":{"start":{"line":68,"column":40},"end":{"line":68,"column":47}},"loc":{"start":{"line":68,"column":52},"end":{"line":68,"column":64}},"line":68},"15":{"name":"(anonymous_15)","decl":{"start":{"line":73,"column":10},"end":{"line":73,"column":25}},"loc":{"start":{"line":73,"column":35},"end":{"line":76,"column":null}},"line":73},"16":{"name":"(anonymous_16)","decl":{"start":{"line":79,"column":10},"end":{"line":79,"column":28}},"loc":{"start":{"line":79,"column":38},"end":{"line":82,"column":null}},"line":79},"17":{"name":"(anonymous_17)","decl":{"start":{"line":80,"column":46},"end":{"line":80,"column":53}},"loc":{"start":{"line":80,"column":58},"end":{"line":80,"column":70}},"line":80}},"branchMap":{"0":{"loc":{"start":{"line":11,"column":8},"end":{"line":12,"column":null}},"type":"if","locations":[{"start":{"line":11,"column":8},"end":{"line":12,"column":null}},{"start":{},"end":{}}],"line":11},"1":{"loc":{"start":{"line":16,"column":8},"end":{"line":17,"column":null}},"type":"if","locations":[{"start":{"line":16,"column":8},"end":{"line":17,"column":null}},{"start":{},"end":{}}],"line":16},"2":{"loc":{"start":{"line":39,"column":8},"end":{"line":42,"column":null}},"type":"if","locations":[{"start":{"line":39,"column":8},"end":{"line":42,"column":null}},{"start":{"line":41,"column":15},"end":{"line":42,"column":null}}],"line":39},"3":{"loc":{"start":{"line":51,"column":8},"end":{"line":54,"column":null}},"type":"if","locations":[{"start":{"line":51,"column":8},"end":{"line":54,"column":null}},{"start":{"line":53,"column":15},"end":{"line":54,"column":null}}],"line":51}},"s":{"0":27,"1":27,"2":27,"3":13,"4":13,"5":3,"6":13,"7":13,"8":3,"9":27,"10":1,"11":2,"12":1,"13":1,"14":1,"15":27,"16":1,"17":2,"18":1,"19":1,"20":1,"21":27,"22":2,"23":1,"24":1,"25":2,"26":2,"27":2,"28":2,"29":27,"30":2,"31":1,"32":1,"33":2,"34":2,"35":2,"36":2,"37":27,"38":1,"39":1,"40":1,"41":27,"42":1,"43":2,"44":1,"45":1,"46":27,"47":1,"48":1,"49":1,"50":27,"51":1,"52":2,"53":1,"54":1,"55":27},"f":{"0":27,"1":13,"2":1,"3":2,"4":1,"5":1,"6":2,"7":1,"8":2,"9":2,"10":2,"11":2,"12":1,"13":1,"14":2,"15":1,"16":1,"17":2},"b":{"0":[3,10],"1":[3,10],"2":[1,1],"3":[1,1]},"meta":{"lastBranch":4,"lastFunction":18,"lastStatement":56,"seen":{"f:4:16:4:38":0,"s:5:24:5:54":0,"s:6:27:6:60":1,"s:9:4:19:Infinity":2,"f:9:4:9:20":1,"s:10:14:10:84":3,"b:11:8:12:Infinity:undefined:undefined:undefined:undefined":0,"s:11:8:12:Infinity":4,"s:12:12:12:Infinity":5,"s:15:14:15:90":6,"b:16:8:17:Infinity:undefined:undefined:undefined:undefined":1,"s:16:8:17:Infinity":7,"s:17:12:17:Infinity":8,"s:21:10:26:Infinity":9,"f:21:10:21:23":2,"s:22:28:24:39":10,"f:23:14:23:21":3,"s:23:30:23:51":11,"f:24:14:24:18":4,"s:24:27:24:39":12,"s:25:8:25:Infinity":13,"s:26:8:26:Infinity":14,"s:29:10:34:Infinity":15,"f:29:10:29:26":5,"s:30:31:32:39":16,"f:31:14:31:21":6,"s:31:30:31:54":17,"f:32:14:32:18":7,"s:32:27:32:39":18,"s:33:8:33:Infinity":19,"s:34:8:34:Infinity":20,"s:37:10:46:Infinity":21,"f:37:10:37:25":8,"b:39:8:42:Infinity:41:15:42:Infinity":2,"s:39:8:42:Infinity":22,"s:40:12:40:Infinity":23,"s:42:12:42:Infinity":24,"f:42:38:42:45":9,"s:42:50:42:62":25,"s:44:8:44:Infinity":26,"s:45:8:45:Infinity":27,"s:46:8:46:Infinity":28,"s:49:10:58:Infinity":29,"f:49:10:49:28":10,"b:51:8:54:Infinity:53:15:54:Infinity":3,"s:51:8:54:Infinity":30,"s:52:12:52:Infinity":31,"s:54:12:54:Infinity":32,"f:54:44:54:51":11,"s:54:56:54:68":33,"s:56:8:56:Infinity":34,"s:57:8:57:Infinity":35,"s:58:8:58:Infinity":36,"s:61:10:64:Infinity":37,"f:61:10:61:22":12,"s:62:28:62:51":38,"s:63:8:63:Infinity":39,"s:64:8:64:Infinity":40,"s:67:10:70:Infinity":41,"f:67:10:67:25":13,"s:68:28:68:64":42,"f:68:40:68:47":14,"s:68:52:68:64":43,"s:69:8:69:Infinity":44,"s:70:8:70:Infinity":45,"s:73:10:76:Infinity":46,"f:73:10:73:25":15,"s:74:31:74:57":47,"s:75:8:75:Infinity":48,"s:76:8:76:Infinity":49,"s:79:10:82:Infinity":50,"f:79:10:79:28":16,"s:80:31:80:70":51,"f:80:46:80:53":17,"s:80:58:80:70":52,"s:81:8:81:Infinity":53,"s:82:8:82:Infinity":54,"s:85:4:96:Infinity":55}}}
,"/Users/paulgilchrist/Source/dnd-tools/src/utils/htmlUtils.js": {"path":"/Users/paulgilchrist/Source/dnd-tools/src/utils/htmlUtils.js","statementMap":{"0":{"start":{"line":18,"column":4},"end":{"line":19,"column":null}},"1":{"start":{"line":19,"column":8},"end":{"line":19,"column":null}},"2":{"start":{"line":22,"column":22},"end":{"line":33,"column":11}},"3":{"start":{"line":35,"column":4},"end":{"line":35,"column":null}}},"fnMap":{"0":{"name":"renderHtmlContent","decl":{"start":{"line":17,"column":16},"end":{"line":17,"column":34}},"loc":{"start":{"line":17,"column":47},"end":{"line":35,"column":null}},"line":17}},"branchMap":{"0":{"loc":{"start":{"line":18,"column":4},"end":{"line":19,"column":null}},"type":"if","locations":[{"start":{"line":18,"column":4},"end":{"line":19,"column":null}},{"start":{},"end":{}}],"line":18},"1":{"loc":{"start":{"line":18,"column":8},"end":{"line":18,"column":57}},"type":"binary-expr","locations":[{"start":{"line":18,"column":8},"end":{"line":18,"column":24}},{"start":{"line":18,"column":24},"end":{"line":18,"column":57}}],"line":18}},"s":{"0":12,"1":4,"2":8,"3":8},"f":{"0":12},"b":{"0":[4,8],"1":[12,9]},"meta":{"lastBranch":2,"lastFunction":1,"lastStatement":4,"seen":{"f:17:16:17:34":0,"b:18:4:19:Infinity:undefined:undefined:undefined:undefined":0,"s:18:4:19:Infinity":0,"b:18:8:18:24:18:24:18:57":1,"s:19:8:19:Infinity":1,"s:22:22:33:11":2,"s:35:4:35:Infinity":3}}}
,"/Users/paulgilchrist/Source/dnd-tools/src/utils/localStorage.js": {"path":"/Users/paulgilchrist/Source/dnd-tools/src/utils/localStorage.js","statementMap":{"0":{"start":{"line":2,"column":34},"end":{"line":46,"column":null}},"1":{"start":{"line":49,"column":13},"end":{"line":58,"column":null}},"2":{"start":{"line":50,"column":2},"end":{"line":58,"column":null}},"3":{"start":{"line":51,"column":17},"end":{"line":51,"column":42}},"4":{"start":{"line":52,"column":4},"end":{"line":53,"column":null}},"5":{"start":{"line":53,"column":6},"end":{"line":53,"column":null}},"6":{"start":{"line":55,"column":4},"end":{"line":55,"column":null}},"7":{"start":{"line":57,"column":4},"end":{"line":57,"column":null}},"8":{"start":{"line":58,"column":4},"end":{"line":58,"column":null}},"9":{"start":{"line":62,"column":13},"end":{"line":66,"column":null}},"10":{"start":{"line":63,"column":2},"end":{"line":66,"column":null}},"11":{"start":{"line":64,"column":4},"end":{"line":64,"column":null}},"12":{"start":{"line":66,"column":4},"end":{"line":66,"column":null}},"13":{"start":{"line":70,"column":13},"end":{"line":74,"column":null}},"14":{"start":{"line":71,"column":2},"end":{"line":74,"column":null}},"15":{"start":{"line":72,"column":4},"end":{"line":72,"column":null}},"16":{"start":{"line":74,"column":4},"end":{"line":74,"column":null}},"17":{"start":{"line":79,"column":13},"end":{"line":83,"column":null}},"18":{"start":{"line":80,"column":2},"end":{"line":83,"column":null}},"19":{"start":{"line":81,"column":4},"end":{"line":81,"column":null}},"20":{"start":{"line":83,"column":4},"end":{"line":83,"column":null}},"21":{"start":{"line":87,"column":13},"end":{"line":92,"column":null}},"22":{"start":{"line":88,"column":2},"end":{"line":92,"column":null}},"23":{"start":{"line":89,"column":4},"end":{"line":89,"column":null}},"24":{"start":{"line":91,"column":4},"end":{"line":91,"column":null}},"25":{"start":{"line":92,"column":4},"end":{"line":92,"column":null}}},"fnMap":{"0":{"name":"(anonymous_0)","decl":{"start":{"line":49,"column":13},"end":{"line":49,"column":36}},"loc":{"start":{"line":49,"column":44},"end":{"line":58,"column":null}},"line":49},"1":{"name":"(anonymous_1)","decl":{"start":{"line":62,"column":13},"end":{"line":62,"column":36}},"loc":{"start":{"line":62,"column":51},"end":{"line":66,"column":null}},"line":62},"2":{"name":"(anonymous_2)","decl":{"start":{"line":70,"column":13},"end":{"line":70,"column":39}},"loc":{"start":{"line":70,"column":47},"end":{"line":74,"column":null}},"line":70},"3":{"name":"(anonymous_3)","decl":{"start":{"line":79,"column":13},"end":{"line":79,"column":38}},"loc":{"start":{"line":79,"column":53},"end":{"line":83,"column":null}},"line":79},"4":{"name":"(anonymous_4)","decl":{"start":{"line":87,"column":13},"end":{"line":87,"column":38}},"loc":{"start":{"line":87,"column":46},"end":{"line":92,"column":null}},"line":87}},"branchMap":{"0":{"loc":{"start":{"line":52,"column":4},"end":{"line":53,"column":null}},"type":"if","locations":[{"start":{"line":52,"column":4},"end":{"line":53,"column":null}},{"start":{},"end":{}}],"line":52}},"s":{"0":1,"1":1,"2":5,"3":5,"4":5,"5":3,"6":2,"7":1,"8":1,"9":1,"10":4,"11":4,"12":1,"13":1,"14":2,"15":2,"16":1,"17":1,"18":2,"19":2,"20":1,"21":1,"22":3,"23":3,"24":1,"25":1},"f":{"0":5,"1":4,"2":2,"3":2,"4":3},"b":{"0":[3,2]},"meta":{"lastBranch":1,"lastFunction":5,"lastStatement":26,"seen":{"s:2:34:46:Infinity":0,"s:49:13:58:Infinity":1,"f:49:13:49:36":0,"s:50:2:58:Infinity":2,"s:51:17:51:42":3,"b:52:4:53:Infinity:undefined:undefined:undefined:undefined":0,"s:52:4:53:Infinity":4,"s:53:6:53:Infinity":5,"s:55:4:55:Infinity":6,"s:57:4:57:Infinity":7,"s:58:4:58:Infinity":8,"s:62:13:66:Infinity":9,"f:62:13:62:36":1,"s:63:2:66:Infinity":10,"s:64:4:64:Infinity":11,"s:66:4:66:Infinity":12,"s:70:13:74:Infinity":13,"f:70:13:70:39":2,"s:71:2:74:Infinity":14,"s:72:4:72:Infinity":15,"s:74:4:74:Infinity":16,"s:79:13:83:Infinity":17,"f:79:13:79:38":3,"s:80:2:83:Infinity":18,"s:81:4:81:Infinity":19,"s:83:4:83:Infinity":20,"s:87:13:92:Infinity":21,"f:87:13:87:38":4,"s:88:2:92:Infinity":22,"s:89:4:89:Infinity":23,"s:91:4:91:Infinity":24,"s:92:4:92:Infinity":25}}}
,"/Users/paulgilchrist/Source/dnd-tools/src/utils/monsterUtils.js": {"path":"/Users/paulgilchrist/Source/dnd-tools/src/utils/monsterUtils.js","statementMap":{"0":{"start":{"line":1,"column":13},"end":{"line":7,"column":null}},"1":{"start":{"line":2,"column":4},"end":{"line":2,"column":null}},"2":{"start":{"line":2,"column":38},"end":{"line":2,"column":null}},"3":{"start":{"line":3,"column":21},"end":{"line":3,"column":null}},"4":{"start":{"line":4,"column":4},"end":{"line":6,"column":null}},"5":{"start":{"line":5,"column":8},"end":{"line":5,"column":null}},"6":{"start":{"line":7,"column":4},"end":{"line":7,"column":null}}},"fnMap":{"0":{"name":"(anonymous_0)","decl":{"start":{"line":1,"column":13},"end":{"line":1,"column":30}},"loc":{"start":{"line":1,"column":40},"end":{"line":7,"column":null}},"line":1},"1":{"name":"(anonymous_1)","decl":{"start":{"line":4,"column":10},"end":{"line":4,"column":19}},"loc":{"start":{"line":4,"column":28},"end":{"line":6,"column":null}},"line":4}},"branchMap":{"0":{"loc":{"start":{"line":2,"column":4},"end":{"line":2,"column":null}},"type":"if","locations":[{"start":{"line":2,"column":4},"end":{"line":2,"column":null}},{"start":{},"end":{}}],"line":2},"1":{"loc":{"start":{"line":2,"column":8},"end":{"line":2,"column":38}},"type":"binary-expr","locations":[{"start":{"line":2,"column":8},"end":{"line":2,"column":18}},{"start":{"line":2,"column":18},"end":{"line":2,"column":38}}],"line":2}},"s":{"0":1,"1":7,"2":3,"3":4,"4":4,"5":8,"6":4},"f":{"0":7,"1":8},"b":{"0":[3,4],"1":[7,5]},"meta":{"lastBranch":2,"lastFunction":2,"lastStatement":7,"seen":{"s:1:13:7:Infinity":0,"f:1:13:1:30":0,"b:2:4:2:Infinity:undefined:undefined:undefined:undefined":0,"s:2:4:2:Infinity":1,"b:2:8:2:18:2:18:2:38":1,"s:2:38:2:Infinity":2,"s:3:21:3:Infinity":3,"s:4:4:6:Infinity":4,"f:4:10:4:19":1,"s:5:8:5:Infinity":5,"s:7:4:7:Infinity":6}}}
}
